<?xml version="1.0" encoding="UTF-8"?>
<testng-results skipped="0" failed="0" total="1" passed="1">
  <reporter-output>
  </reporter-output>
  <suite name="Command line suite" duration-ms="1466" started-at="2018-10-23T04:57:44Z" finished-at="2018-10-23T04:57:46Z">
    <groups>
    </groups>
    <test name="Command line test" duration-ms="1466" started-at="2018-10-23T04:57:44Z" finished-at="2018-10-23T04:57:46Z">
      <class name="com.smart.groovy.GroovyTest">
        <test-method status="PASS" signature="getBeans()[pri:0, instance:com.smart.groovy.GroovyTest@6108b2d7]" name="getBeans" duration-ms="1452" started-at="2018-10-23T12:57:44Z" finished-at="2018-10-23T12:57:46Z">
          <reporter-output>
          </reporter-output>
        </test-method> <!-- getBeans -->
      </class> <!-- com.smart.groovy.GroovyTest -->
    </test> <!-- Command line test -->
  </suite> <!-- Command line suite -->
</testng-results>
