<?xml version="1.0" encoding="UTF-8" ?>
<testsuite tests="2" failures="1" name="TestSuite" time="2.514" errors="0" skipped="1">
  <properties>
[...]
</properties>
  <testcase classname="com.smart.dao.UserDaoTest" name="unitilsBeforeTestSetUp" time="0">
    <failure message="Error inserting test data from DbUnit dataset for method public void com.smart.dao.UserDaoTest.findUserByUserName()" type="org.unitils.core.UnitilsException">org.unitils.core.UnitilsException: Error inserting test data from DbUnit dataset for method public void com.smart.dao.UserDaoTest.findUserByUserName()
	at org.unitils.dbunit.DbUnitModule.insertDataSet(DbUnitModule.java:190)
	at org.unitils.dbunit.DbUnitModule$DbUnitListener.beforeTestSetUp(DbUnitModule.java:791)
	at org.unitils.core.Unitils$UnitilsTestListener.beforeTestSetUp(Unitils.java:273)
	at org.unitils.UnitilsTestNG.unitilsBeforeTestSetUp(UnitilsTestNG.java:62)
	at sun.reflect.NativeMethodAccessorImpl.invoke0(Native Method)
	at sun.reflect.NativeMethodAccessorImpl.invoke(NativeMethodAccessorImpl.java:62)
	at sun.reflect.DelegatingMethodAccessorImpl.invoke(DelegatingMethodAccessorImpl.java:43)
	at java.lang.reflect.Method.invoke(Method.java:498)
	at org.testng.internal.MethodHelper.invokeMethod(MethodHelper.java:580)
	at org.testng.internal.Invoker.invokeConfigurationMethod(Invoker.java:398)
	at org.testng.internal.Invoker.invokeConfigurations(Invoker.java:145)
	at org.testng.internal.Invoker.invokeMethod(Invoker.java:427)
	at org.testng.internal.Invoker.invokeTestMethod(Invoker.java:617)
	at org.testng.internal.Invoker.invokeTestMethods(Invoker.java:885)
	at org.testng.internal.TestMethodWorker.invokeTestMethods(TestMethodWorker.java:126)
	at org.testng.internal.TestMethodWorker.run(TestMethodWorker.java:110)
	at org.testng.TestRunner.runWorkers(TestRunner.java:712)
	at org.testng.TestRunner.privateRun(TestRunner.java:582)
	at org.testng.TestRunner.run(TestRunner.java:477)
	at org.testng.SuiteRunner.runTest(SuiteRunner.java:324)
	at org.testng.SuiteRunner.runSequentially(SuiteRunner.java:319)
	at org.testng.SuiteRunner.privateRun(SuiteRunner.java:292)
	at org.testng.SuiteRunner.run(SuiteRunner.java:198)
	at org.testng.TestNG.createAndRunSuiteRunners(TestNG.java:821)
	at org.testng.TestNG.runSuitesLocally(TestNG.java:788)
	at org.testng.TestNG.run(TestNG.java:708)
	at org.apache.maven.surefire.testng.TestNGExecutor.run(TestNGExecutor.java:72)
	at org.apache.maven.surefire.testng.TestNGXmlTestSuite.execute(TestNGXmlTestSuite.java:88)
	at org.apache.maven.surefire.testng.TestNGProvider.invoke(TestNGProvider.java:101)
	at sun.reflect.NativeMethodAccessorImpl.invoke0(Native Method)
	at sun.reflect.NativeMethodAccessorImpl.invoke(NativeMethodAccessorImpl.java:62)
	at sun.reflect.DelegatingMethodAccessorImpl.invoke(DelegatingMethodAccessorImpl.java:43)
	at java.lang.reflect.Method.invoke(Method.java:498)
	at org.apache.maven.surefire.booter.ProviderFactory$ClassLoaderProxy.invoke(ProviderFactory.java:103)
	at com.sun.proxy.$Proxy0.invoke(Unknown Source)
	at org.apache.maven.surefire.booter.SurefireStarter.invokeProvider(SurefireStarter.java:150)
	at org.apache.maven.surefire.booter.SurefireStarter.runSuitesInProcess(SurefireStarter.java:91)
	at org.apache.maven.surefire.booter.ForkedBooter.main(ForkedBooter.java:69)
Caused by: java.lang.IndexOutOfBoundsException: Index: 0, Size: 0
	at java.util.ArrayList.rangeCheck(ArrayList.java:653)
	at java.util.ArrayList.get(ArrayList.java:429)
	at org.unitils.dbunit.DbUnitModule.getDefaultDbSupport(DbUnitModule.java:755)
	at org.unitils.dbunit.DbUnitModule.getDataSetFactory(DbUnitModule.java:725)
	at org.unitils.dbunit.DbUnitModule.getDataSetFactory(DbUnitModule.java:713)
	at org.unitils.dbunit.DbUnitModule.getDataSet(DbUnitModule.java:441)
	at org.unitils.dbunit.DbUnitModule.insertDataSet(DbUnitModule.java:261)
	at org.unitils.dbunit.DbUnitModule.insertDataSet(DbUnitModule.java:187)
	... 37 more
Caused by: java.lang.IndexOutOfBoundsException: Index: 0, Size: 0
	at java.util.ArrayList.rangeCheck(ArrayList.java:653)
	at java.util.ArrayList.get(ArrayList.java:429)
	at org.unitils.dbunit.DbUnitModule.getDefaultDbSupport(DbUnitModule.java:755)
	at org.unitils.dbunit.DbUnitModule.getDataSetFactory(DbUnitModule.java:725)
	at org.unitils.dbunit.DbUnitModule.getDataSetFactory(DbUnitModule.java:713)
	at org.unitils.dbunit.DbUnitModule.getDataSet(DbUnitModule.java:441)
	at org.unitils.dbunit.DbUnitModule.insertDataSet(DbUnitModule.java:261)
	at org.unitils.dbunit.DbUnitModule.insertDataSet(DbUnitModule.java:187)
	... 37 more
</failure>
    <system-out>@HL
@HL-------------------------------------------------------
@HL T E S T S
@HL-------------------------------------------------------
@SLRunning TestSuite
2018-12-14 12:08:37,932  WARN (org.unitils.core.ConfigurationLoader:126) - No custom configuration file unitils.properties found.
2018-12-14 12:08:37,932  WARN (org.unitils.core.ConfigurationLoader:126) - No custom configuration file unitils.properties found.
2018-12-14 12:08:37,935  INFO (org.unitils.core.ConfigurationLoader:145) - No local configuration file unitils-local.properties found.
2018-12-14 12:08:37,935  INFO (org.unitils.core.ConfigurationLoader:145) - No local configuration file unitils-local.properties found.
2018-12-14 12:08:37,960 DEBUG (org.unitils.core.ModulesLoader:141) - Skipping module easymock. Module class not found in classpath. Module class name: org.unitils.easymock.EasyMockModule
2018-12-14 12:08:37,960 DEBUG (org.unitils.core.ModulesLoader:141) - Skipping module easymock. Module class not found in classpath. Module class name: org.unitils.easymock.EasyMockModule
2018-12-14 12:08:38,032 DEBUG (org.jboss.logging:177) - Logging Provider: org.jboss.logging.Log4jLoggerProvider
2018-12-14 12:08:38,033 DEBUG (org.unitils.core.ModulesLoader:141) - Skipping module inject. Module class not found in classpath. Module class name: org.unitils.inject.InjectModule
2018-12-14 12:08:38,033 DEBUG (org.unitils.core.ModulesLoader:141) - Skipping module inject. Module class not found in classpath. Module class name: org.unitils.inject.InjectModule
2018-12-14 12:08:38,034 DEBUG (org.unitils.core.ModulesLoader:141) - Skipping module io. Module class not found in classpath. Module class name: org.unitils.io.IOModule
2018-12-14 12:08:38,034 DEBUG (org.unitils.core.ModulesLoader:141) - Skipping module io. Module class not found in classpath. Module class name: org.unitils.io.IOModule
2018-12-14 12:08:38,040 DEBUG (org.unitils.core.util.ConfigUtils:74) - Creating instance of interface org.unitils.orm.jpa.util.JpaProviderSupport. Implementation class org.unitils.orm.jpa.util.provider.hibernate.HibernateJpaProviderSupport
2018-12-14 12:08:38,040 DEBUG (org.unitils.core.util.ConfigUtils:74) - Creating instance of interface org.unitils.orm.jpa.util.JpaProviderSupport. Implementation class org.unitils.orm.jpa.util.provider.hibernate.HibernateJpaProviderSupport
2018-12-14 12:08:38,041 DEBUG (org.unitils.core.ModulesLoader:141) - Skipping module mock. Module class not found in classpath. Module class name: org.unitils.mock.MockModule
2018-12-14 12:08:38,041 DEBUG (org.unitils.core.ModulesLoader:141) - Skipping module mock. Module class not found in classpath. Module class name: org.unitils.mock.MockModule
2018-12-14 12:08:38,053 DEBUG (org.unitils.core.util.ConfigUtils:74) - Creating instance of interface org.unitils.database.transaction.UnitilsTransactionManager. Implementation class org.unitils.database.transaction.impl.DefaultUnitilsTransactionManager
2018-12-14 12:08:38,053 DEBUG (org.unitils.core.util.ConfigUtils:74) - Creating instance of interface org.unitils.database.transaction.UnitilsTransactionManager. Implementation class org.unitils.database.transaction.impl.DefaultUnitilsTransactionManager
2018-12-14 12:08:38,055 DEBUG (org.unitils.core.util.ConfigUtils:74) - Creating instance of interface org.unitils.database.config.DataSourceFactory. Implementation class org.unitils.database.config.PropertiesDataSourceFactory
2018-12-14 12:08:38,055 DEBUG (org.unitils.core.util.ConfigUtils:74) - Creating instance of interface org.unitils.database.config.DataSourceFactory. Implementation class org.unitils.database.config.PropertiesDataSourceFactory
2018-12-14 12:08:38,059 DEBUG (org.unitils.core.util.ConfigUtils:74) - Creating instance of interface org.unitils.database.config.DataSourceFactory. Implementation class org.unitils.database.config.PropertiesDataSourceFactory
2018-12-14 12:08:38,059 DEBUG (org.unitils.core.util.ConfigUtils:74) - Creating instance of interface org.unitils.database.config.DataSourceFactory. Implementation class org.unitils.database.config.PropertiesDataSourceFactory
2018-12-14 12:08:38,059  INFO (org.unitils.database.config.PropertiesDataSourceFactory:70) - Creating data source. Driver: null, url: null, user: null, password: &lt;not shown&gt;
2018-12-14 12:08:38,059  INFO (org.unitils.database.config.PropertiesDataSourceFactory:70) - Creating data source. Driver: null, url: null, user: null, password: &lt;not shown&gt;
2018-12-14 12:08:38,134 DEBUG (org.springframework.core.env.StandardEnvironment:109) - Adding [systemProperties] PropertySource with lowest search precedence
2018-12-14 12:08:38,134 DEBUG (org.springframework.core.env.StandardEnvironment:109) - Adding [systemProperties] PropertySource with lowest search precedence
2018-12-14 12:08:38,135 DEBUG (org.springframework.core.env.StandardEnvironment:109) - Adding [systemEnvironment] PropertySource with lowest search precedence
2018-12-14 12:08:38,135 DEBUG (org.springframework.core.env.StandardEnvironment:109) - Adding [systemEnvironment] PropertySource with lowest search precedence
2018-12-14 12:08:38,136 DEBUG (org.springframework.core.env.StandardEnvironment:127) - Initialized StandardEnvironment with PropertySources [systemProperties,systemEnvironment]
2018-12-14 12:08:38,136 DEBUG (org.springframework.core.env.StandardEnvironment:127) - Initialized StandardEnvironment with PropertySources [systemProperties,systemEnvironment]
2018-12-14 12:08:38,140  INFO (org.springframework.context.support.ClassPathXmlApplicationContext:574) - Refreshing org.springframework.context.support.ClassPathXmlApplicationContext@103f852: startup date [Fri Dec 14 12:08:38 CST 2018]; root of context hierarchy
2018-12-14 12:08:38,140  INFO (org.springframework.context.support.ClassPathXmlApplicationContext:574) - Refreshing org.springframework.context.support.ClassPathXmlApplicationContext@103f852: startup date [Fri Dec 14 12:08:38 CST 2018]; root of context hierarchy
2018-12-14 12:08:38,166 DEBUG (org.springframework.core.env.StandardEnvironment:109) - Adding [systemProperties] PropertySource with lowest search precedence
2018-12-14 12:08:38,166 DEBUG (org.springframework.core.env.StandardEnvironment:109) - Adding [systemProperties] PropertySource with lowest search precedence
2018-12-14 12:08:38,166 DEBUG (org.springframework.core.env.StandardEnvironment:109) - Adding [systemEnvironment] PropertySource with lowest search precedence
2018-12-14 12:08:38,166 DEBUG (org.springframework.core.env.StandardEnvironment:109) - Adding [systemEnvironment] PropertySource with lowest search precedence
2018-12-14 12:08:38,166 DEBUG (org.springframework.core.env.StandardEnvironment:127) - Initialized StandardEnvironment with PropertySources [systemProperties,systemEnvironment]
2018-12-14 12:08:38,166 DEBUG (org.springframework.core.env.StandardEnvironment:127) - Initialized StandardEnvironment with PropertySources [systemProperties,systemEnvironment]
2018-12-14 12:08:38,174  INFO (org.springframework.beans.factory.xml.XmlBeanDefinitionReader:317) - Loading XML bean definitions from class path resource [smart-dao.xml]
2018-12-14 12:08:38,174  INFO (org.springframework.beans.factory.xml.XmlBeanDefinitionReader:317) - Loading XML bean definitions from class path resource [smart-dao.xml]
2018-12-14 12:08:38,177 DEBUG (org.springframework.beans.factory.xml.DefaultDocumentLoader:73) - Using JAXP provider [com.sun.org.apache.xerces.internal.jaxp.DocumentBuilderFactoryImpl]
2018-12-14 12:08:38,177 DEBUG (org.springframework.beans.factory.xml.DefaultDocumentLoader:73) - Using JAXP provider [com.sun.org.apache.xerces.internal.jaxp.DocumentBuilderFactoryImpl]
2018-12-14 12:08:38,203 DEBUG (org.springframework.beans.factory.xml.PluggableSchemaResolver:141) - Loading schema mappings from [META-INF/spring.schemas]
2018-12-14 12:08:38,203 DEBUG (org.springframework.beans.factory.xml.PluggableSchemaResolver:141) - Loading schema mappings from [META-INF/spring.schemas]
2018-12-14 12:08:38,207 DEBUG (org.springframework.beans.factory.xml.PluggableSchemaResolver:147) - Loaded schema mappings: {http://www.springframework.org/schema/tx/spring-tx-2.5.xsd=org/springframework/transaction/config/spring-tx-2.5.xsd, http://www.springframework.org/schema/cache/spring-cache-4.2.xsd=org/springframework/cache/config/spring-cache-4.2.xsd, http://www.springframework.org/schema/aop/spring-aop-4.1.xsd=org/springframework/aop/config/spring-aop-4.1.xsd, http://www.springframework.org/schema/context/spring-context-3.1.xsd=org/springframework/context/config/spring-context-3.1.xsd, http://www.springframework.org/schema/jdbc/spring-jdbc-4.1.xsd=org/springframework/jdbc/config/spring-jdbc-4.1.xsd, http://www.springframework.org/schema/mvc/spring-mvc-4.1.xsd=org/springframework/web/servlet/config/spring-mvc-4.1.xsd, http://www.springframework.org/schema/util/spring-util-3.0.xsd=org/springframework/beans/factory/xml/spring-util-3.0.xsd, http://www.springframework.org/schema/tool/spring-tool.xsd=org/springframework/beans/factory/xml/spring-tool-4.2.xsd, http://www.springframework.org/schema/aop/spring-aop-3.2.xsd=org/springframework/aop/config/spring-aop-3.2.xsd, http://www.springframework.org/schema/lang/spring-lang-4.1.xsd=org/springframework/scripting/config/spring-lang-4.1.xsd, http://www.springframework.org/schema/context/spring-context-4.0.xsd=org/springframework/context/config/spring-context-4.0.xsd, http://www.springframework.org/schema/mvc/spring-mvc-3.2.xsd=org/springframework/web/servlet/config/spring-mvc-3.2.xsd, http://www.springframework.org/schema/beans/spring-beans-4.2.xsd=org/springframework/beans/factory/xml/spring-beans-4.2.xsd, http://www.springframework.org/schema/tool/spring-tool-4.1.xsd=org/springframework/beans/factory/xml/spring-tool-4.1.xsd, http://www.springframework.org/schema/lang/spring-lang-3.2.xsd=org/springframework/scripting/config/spring-lang-3.2.xsd, http://www.springframework.org/schema/cache/spring-cache-3.2.xsd=org/springframework/cache/config/spring-cache-3.2.xsd, http://www.springframework.org/schema/jee/spring-jee-4.1.xsd=org/springframework/ejb/config/spring-jee-4.1.xsd, http://www.springframework.org/schema/jdbc/spring-jdbc-3.1.xsd=org/springframework/jdbc/config/spring-jdbc-3.1.xsd, http://www.springframework.org/schema/util/spring-util-2.0.xsd=org/springframework/beans/factory/xml/spring-util-2.0.xsd, http://www.springframework.org/schema/task/spring-task-4.2.xsd=org/springframework/scheduling/config/spring-task-4.2.xsd, http://www.springframework.org/schema/tool/spring-tool-3.2.xsd=org/springframework/beans/factory/xml/spring-tool-3.2.xsd, http://www.springframework.org/schema/context/spring-context.xsd=org/springframework/context/config/spring-context-4.2.xsd, http://www.springframework.org/schema/tx/spring-tx-4.2.xsd=org/springframework/transaction/config/spring-tx-4.2.xsd, http://www.springframework.org/schema/cache/spring-cache-4.1.xsd=org/springframework/cache/config/spring-cache-4.1.xsd, http://www.springframework.org/schema/aop/spring-aop-4.0.xsd=org/springframework/aop/config/spring-aop-4.0.xsd, http://www.springframework.org/schema/jee/spring-jee-3.2.xsd=org/springframework/ejb/config/spring-jee-3.2.xsd, http://www.springframework.org/schema/context/spring-context-3.0.xsd=org/springframework/context/config/spring-context-3.0.xsd, http://www.springframework.org/schema/jdbc/spring-jdbc-4.0.xsd=org/springframework/jdbc/config/spring-jdbc-4.0.xsd, http://www.springframework.org/schema/mvc/spring-mvc-4.0.xsd=org/springframework/web/servlet/config/spring-mvc-4.0.xsd, http://www.springframework.org/schema/util/spring-util-2.5.xsd=org/springframework/beans/factory/xml/spring-util-2.5.xsd, http://www.springframework.org/schema/beans/spring-beans-3.2.xsd=org/springframework/beans/factory/xml/spring-beans-3.2.xsd, http://www.springframework.org/schema/aop/spring-aop-3.1.xsd=org/springframework/aop/config/spring-aop-3.1.xsd, http://www.springframework.org/schema/lang/spring-lang-4.0.xsd=org/springframework/scripting/config/spring-lang-4.0.xsd, http://www.springframework.org/schema/mvc/spring-mvc.xsd=org/springframework/web/servlet/config/spring-mvc-4.2.xsd, http://www.springframework.org/schema/mvc/spring-mvc-3.1.xsd=org/springframework/web/servlet/config/spring-mvc-3.1.xsd, http://www.springframework.org/schema/beans/spring-beans-4.1.xsd=org/springframework/beans/factory/xml/spring-beans-4.1.xsd, http://www.springframework.org/schema/tool/spring-tool-4.0.xsd=org/springframework/beans/factory/xml/spring-tool-4.0.xsd, http://www.springframework.org/schema/tx/spring-tx-3.2.xsd=org/springframework/transaction/config/spring-tx-3.2.xsd, http://www.springframework.org/schema/lang/spring-lang-3.1.xsd=org/springframework/scripting/config/spring-lang-3.1.xsd, http://www.springframework.org/schema/cache/spring-cache-3.1.xsd=org/springframework/cache/config/spring-cache-3.1.xsd, http://www.springframework.org/schema/jee/spring-jee-4.0.xsd=org/springframework/ejb/config/spring-jee-4.0.xsd, http://www.springframework.org/schema/jdbc/spring-jdbc-3.0.xsd=org/springframework/jdbc/config/spring-jdbc-3.0.xsd, http://www.springframework.org/schema/task/spring-task-4.1.xsd=org/springframework/scheduling/config/spring-task-4.1.xsd, http://www.springframework.org/schema/jdbc/spring-jdbc.xsd=org/springframework/jdbc/config/spring-jdbc-4.2.xsd, http://www.springframework.org/schema/tool/spring-tool-3.1.xsd=org/springframework/beans/factory/xml/spring-tool-3.1.xsd, http://www.springframework.org/schema/tx/spring-tx-4.1.xsd=org/springframework/transaction/config/spring-tx-4.1.xsd, http://www.springframework.org/schema/cache/spring-cache-4.0.xsd=org/springframework/cache/config/spring-cache-4.0.xsd, http://www.springframework.org/schema/jee/spring-jee-3.1.xsd=org/springframework/ejb/config/spring-jee-3.1.xsd, http://www.springframework.org/schema/task/spring-task-3.2.xsd=org/springframework/scheduling/config/spring-task-3.2.xsd, http://www.springframework.org/schema/util/spring-util-4.2.xsd=org/springframework/beans/factory/xml/spring-util-4.2.xsd, http://www.springframework.org/schema/beans/spring-beans-3.1.xsd=org/springframework/beans/factory/xml/spring-beans-3.1.xsd, http://www.springframework.org/schema/util/spring-util.xsd=org/springframework/beans/factory/xml/spring-util-4.2.xsd, http://www.springframework.org/schema/aop/spring-aop-3.0.xsd=org/springframework/aop/config/spring-aop-3.0.xsd, http://www.springframework.org/schema/mvc/spring-mvc-3.0.xsd=org/springframework/web/servlet/config/spring-mvc-3.0.xsd, http://www.springframework.org/schema/beans/spring-beans-4.0.xsd=org/springframework/beans/factory/xml/spring-beans-4.0.xsd, http://www.springframework.org/schema/beans/spring-beans.xsd=org/springframework/beans/factory/xml/spring-beans-4.2.xsd, http://www.springframework.org/schema/tx/spring-tx-3.1.xsd=org/springframework/transaction/config/spring-tx-3.1.xsd, http://www.springframework.org/schema/lang/spring-lang-3.0.xsd=org/springframework/scripting/config/spring-lang-3.0.xsd, http://www.springframework.org/schema/context/spring-context-2.5.xsd=org/springframework/context/config/spring-context-2.5.xsd, http://www.springframework.org/schema/task/spring-task-4.0.xsd=org/springframework/scheduling/config/spring-task-4.0.xsd, http://www.springframework.org/schema/tool/spring-tool-3.0.xsd=org/springframework/beans/factory/xml/spring-tool-3.0.xsd, http://www.springframework.org/schema/tx/spring-tx-4.0.xsd=org/springframework/transaction/config/spring-tx-4.0.xsd, http://www.springframework.org/schema/aop/spring-aop-2.0.xsd=org/springframework/aop/config/spring-aop-2.0.xsd, http://www.springframework.org/schema/jee/spring-jee-3.0.xsd=org/springframework/ejb/config/spring-jee-3.0.xsd, http://www.springframework.org/schema/util/spring-util-4.1.xsd=org/springframework/beans/factory/xml/spring-util-4.1.xsd, http://www.springframework.org/schema/task/spring-task-3.1.xsd=org/springframework/scheduling/config/spring-task-3.1.xsd, http://www.springframework.org/schema/beans/spring-beans-3.0.xsd=org/springframework/beans/factory/xml/spring-beans-3.0.xsd, http://www.springframework.org/schema/jee/spring-jee.xsd=org/springframework/ejb/config/spring-jee-4.2.xsd, http://www.springframework.org/schema/aop/spring-aop-2.5.xsd=org/springframework/aop/config/spring-aop-2.5.xsd, http://www.springframework.org/schema/lang/spring-lang-2.0.xsd=org/springframework/scripting/config/spring-lang-2.0.xsd, http://www.springframework.org/schema/util/spring-util-3.2.xsd=org/springframework/beans/factory/xml/spring-util-3.2.xsd, http://www.springframework.org/schema/task/spring-task.xsd=org/springframework/scheduling/config/spring-task-4.2.xsd, http://www.springframework.org/schema/tool/spring-tool-2.0.xsd=org/springframework/beans/factory/xml/spring-tool-2.0.xsd, http://www.springframework.org/schema/tx/spring-tx-3.0.xsd=org/springframework/transaction/config/spring-tx-3.0.xsd, http://www.springframework.org/schema/lang/spring-lang-2.5.xsd=org/springframework/scripting/config/spring-lang-2.5.xsd, http://www.springframework.org/schema/context/spring-context-4.2.xsd=org/springframework/context/config/spring-context-4.2.xsd, http://www.springframework.org/schema/jee/spring-jee-2.0.xsd=org/springframework/ejb/config/spring-jee-2.0.xsd, http://www.springframework.org/schema/tool/spring-tool-2.5.xsd=org/springframework/beans/factory/xml/spring-tool-2.5.xsd, http://www.springframework.org/schema/jee/spring-jee-2.5.xsd=org/springframework/ejb/config/spring-jee-2.5.xsd, http://www.springframework.org/schema/util/spring-util-4.0.xsd=org/springframework/beans/factory/xml/spring-util-4.0.xsd, http://www.springframework.org/schema/task/spring-task-3.0.xsd=org/springframework/scheduling/config/spring-task-3.0.xsd, http://www.springframework.org/schema/aop/spring-aop-4.2.xsd=org/springframework/aop/config/spring-aop-4.2.xsd, http://www.springframework.org/schema/lang/spring-lang.xsd=org/springframework/scripting/config/spring-lang-4.2.xsd, http://www.springframework.org/schema/context/spring-context-3.2.xsd=org/springframework/context/config/spring-context-3.2.xsd, http://www.springframework.org/schema/jdbc/spring-jdbc-4.2.xsd=org/springframework/jdbc/config/spring-jdbc-4.2.xsd, http://www.springframework.org/schema/mvc/spring-mvc-4.2.xsd=org/springframework/web/servlet/config/spring-mvc-4.2.xsd, http://www.springframework.org/schema/util/spring-util-3.1.xsd=org/springframework/beans/factory/xml/spring-util-3.1.xsd, http://www.springframework.org/schema/beans/spring-beans-2.0.xsd=org/springframework/beans/factory/xml/spring-beans-2.0.xsd, http://www.springframework.org/schema/cache/spring-cache.xsd=org/springframework/cache/config/spring-cache-4.2.xsd, http://www.springframework.org/schema/tx/spring-tx.xsd=org/springframework/transaction/config/spring-tx-4.2.xsd, http://www.springframework.org/schema/lang/spring-lang-4.2.xsd=org/springframework/scripting/config/spring-lang-4.2.xsd, http://www.springframework.org/schema/context/spring-context-4.1.xsd=org/springframework/context/config/spring-context-4.1.xsd, http://www.springframework.org/schema/beans/spring-beans-2.5.xsd=org/springframework/beans/factory/xml/spring-beans-2.5.xsd, http://www.springframework.org/schema/tool/spring-tool-4.2.xsd=org/springframework/beans/factory/xml/spring-tool-4.2.xsd, http://www.springframework.org/schema/tx/spring-tx-2.0.xsd=org/springframework/transaction/config/spring-tx-2.0.xsd, http://www.springframework.org/schema/jee/spring-jee-4.2.xsd=org/springframework/ejb/config/spring-jee-4.2.xsd, http://www.springframework.org/schema/jdbc/spring-jdbc-3.2.xsd=org/springframework/jdbc/config/spring-jdbc-3.2.xsd, http://www.springframework.org/schema/aop/spring-aop.xsd=org/springframework/aop/config/spring-aop-4.2.xsd}
2018-12-14 12:08:38,207 DEBUG (org.springframework.beans.factory.xml.PluggableSchemaResolver:147) - Loaded schema mappings: {http://www.springframework.org/schema/tx/spring-tx-2.5.xsd=org/springframework/transaction/config/spring-tx-2.5.xsd, http://www.springframework.org/schema/cache/spring-cache-4.2.xsd=org/springframework/cache/config/spring-cache-4.2.xsd, http://www.springframework.org/schema/aop/spring-aop-4.1.xsd=org/springframework/aop/config/spring-aop-4.1.xsd, http://www.springframework.org/schema/context/spring-context-3.1.xsd=org/springframework/context/config/spring-context-3.1.xsd, http://www.springframework.org/schema/jdbc/spring-jdbc-4.1.xsd=org/springframework/jdbc/config/spring-jdbc-4.1.xsd, http://www.springframework.org/schema/mvc/spring-mvc-4.1.xsd=org/springframework/web/servlet/config/spring-mvc-4.1.xsd, http://www.springframework.org/schema/util/spring-util-3.0.xsd=org/springframework/beans/factory/xml/spring-util-3.0.xsd, http://www.springframework.org/schema/tool/spring-tool.xsd=org/springframework/beans/factory/xml/spring-tool-4.2.xsd, http://www.springframework.org/schema/aop/spring-aop-3.2.xsd=org/springframework/aop/config/spring-aop-3.2.xsd, http://www.springframework.org/schema/lang/spring-lang-4.1.xsd=org/springframework/scripting/config/spring-lang-4.1.xsd, http://www.springframework.org/schema/context/spring-context-4.0.xsd=org/springframework/context/config/spring-context-4.0.xsd, http://www.springframework.org/schema/mvc/spring-mvc-3.2.xsd=org/springframework/web/servlet/config/spring-mvc-3.2.xsd, http://www.springframework.org/schema/beans/spring-beans-4.2.xsd=org/springframework/beans/factory/xml/spring-beans-4.2.xsd, http://www.springframework.org/schema/tool/spring-tool-4.1.xsd=org/springframework/beans/factory/xml/spring-tool-4.1.xsd, http://www.springframework.org/schema/lang/spring-lang-3.2.xsd=org/springframework/scripting/config/spring-lang-3.2.xsd, http://www.springframework.org/schema/cache/spring-cache-3.2.xsd=org/springframework/cache/config/spring-cache-3.2.xsd, http://www.springframework.org/schema/jee/spring-jee-4.1.xsd=org/springframework/ejb/config/spring-jee-4.1.xsd, http://www.springframework.org/schema/jdbc/spring-jdbc-3.1.xsd=org/springframework/jdbc/config/spring-jdbc-3.1.xsd, http://www.springframework.org/schema/util/spring-util-2.0.xsd=org/springframework/beans/factory/xml/spring-util-2.0.xsd, http://www.springframework.org/schema/task/spring-task-4.2.xsd=org/springframework/scheduling/config/spring-task-4.2.xsd, http://www.springframework.org/schema/tool/spring-tool-3.2.xsd=org/springframework/beans/factory/xml/spring-tool-3.2.xsd, http://www.springframework.org/schema/context/spring-context.xsd=org/springframework/context/config/spring-context-4.2.xsd, http://www.springframework.org/schema/tx/spring-tx-4.2.xsd=org/springframework/transaction/config/spring-tx-4.2.xsd, http://www.springframework.org/schema/cache/spring-cache-4.1.xsd=org/springframework/cache/config/spring-cache-4.1.xsd, http://www.springframework.org/schema/aop/spring-aop-4.0.xsd=org/springframework/aop/config/spring-aop-4.0.xsd, http://www.springframework.org/schema/jee/spring-jee-3.2.xsd=org/springframework/ejb/config/spring-jee-3.2.xsd, http://www.springframework.org/schema/context/spring-context-3.0.xsd=org/springframework/context/config/spring-context-3.0.xsd, http://www.springframework.org/schema/jdbc/spring-jdbc-4.0.xsd=org/springframework/jdbc/config/spring-jdbc-4.0.xsd, http://www.springframework.org/schema/mvc/spring-mvc-4.0.xsd=org/springframework/web/servlet/config/spring-mvc-4.0.xsd, http://www.springframework.org/schema/util/spring-util-2.5.xsd=org/springframework/beans/factory/xml/spring-util-2.5.xsd, http://www.springframework.org/schema/beans/spring-beans-3.2.xsd=org/springframework/beans/factory/xml/spring-beans-3.2.xsd, http://www.springframework.org/schema/aop/spring-aop-3.1.xsd=org/springframework/aop/config/spring-aop-3.1.xsd, http://www.springframework.org/schema/lang/spring-lang-4.0.xsd=org/springframework/scripting/config/spring-lang-4.0.xsd, http://www.springframework.org/schema/mvc/spring-mvc.xsd=org/springframework/web/servlet/config/spring-mvc-4.2.xsd, http://www.springframework.org/schema/mvc/spring-mvc-3.1.xsd=org/springframework/web/servlet/config/spring-mvc-3.1.xsd, http://www.springframework.org/schema/beans/spring-beans-4.1.xsd=org/springframework/beans/factory/xml/spring-beans-4.1.xsd, http://www.springframework.org/schema/tool/spring-tool-4.0.xsd=org/springframework/beans/factory/xml/spring-tool-4.0.xsd, http://www.springframework.org/schema/tx/spring-tx-3.2.xsd=org/springframework/transaction/config/spring-tx-3.2.xsd, http://www.springframework.org/schema/lang/spring-lang-3.1.xsd=org/springframework/scripting/config/spring-lang-3.1.xsd, http://www.springframework.org/schema/cache/spring-cache-3.1.xsd=org/springframework/cache/config/spring-cache-3.1.xsd, http://www.springframework.org/schema/jee/spring-jee-4.0.xsd=org/springframework/ejb/config/spring-jee-4.0.xsd, http://www.springframework.org/schema/jdbc/spring-jdbc-3.0.xsd=org/springframework/jdbc/config/spring-jdbc-3.0.xsd, http://www.springframework.org/schema/task/spring-task-4.1.xsd=org/springframework/scheduling/config/spring-task-4.1.xsd, http://www.springframework.org/schema/jdbc/spring-jdbc.xsd=org/springframework/jdbc/config/spring-jdbc-4.2.xsd, http://www.springframework.org/schema/tool/spring-tool-3.1.xsd=org/springframework/beans/factory/xml/spring-tool-3.1.xsd, http://www.springframework.org/schema/tx/spring-tx-4.1.xsd=org/springframework/transaction/config/spring-tx-4.1.xsd, http://www.springframework.org/schema/cache/spring-cache-4.0.xsd=org/springframework/cache/config/spring-cache-4.0.xsd, http://www.springframework.org/schema/jee/spring-jee-3.1.xsd=org/springframework/ejb/config/spring-jee-3.1.xsd, http://www.springframework.org/schema/task/spring-task-3.2.xsd=org/springframework/scheduling/config/spring-task-3.2.xsd, http://www.springframework.org/schema/util/spring-util-4.2.xsd=org/springframework/beans/factory/xml/spring-util-4.2.xsd, http://www.springframework.org/schema/beans/spring-beans-3.1.xsd=org/springframework/beans/factory/xml/spring-beans-3.1.xsd, http://www.springframework.org/schema/util/spring-util.xsd=org/springframework/beans/factory/xml/spring-util-4.2.xsd, http://www.springframework.org/schema/aop/spring-aop-3.0.xsd=org/springframework/aop/config/spring-aop-3.0.xsd, http://www.springframework.org/schema/mvc/spring-mvc-3.0.xsd=org/springframework/web/servlet/config/spring-mvc-3.0.xsd, http://www.springframework.org/schema/beans/spring-beans-4.0.xsd=org/springframework/beans/factory/xml/spring-beans-4.0.xsd, http://www.springframework.org/schema/beans/spring-beans.xsd=org/springframework/beans/factory/xml/spring-beans-4.2.xsd, http://www.springframework.org/schema/tx/spring-tx-3.1.xsd=org/springframework/transaction/config/spring-tx-3.1.xsd, http://www.springframework.org/schema/lang/spring-lang-3.0.xsd=org/springframework/scripting/config/spring-lang-3.0.xsd, http://www.springframework.org/schema/context/spring-context-2.5.xsd=org/springframework/context/config/spring-context-2.5.xsd, http://www.springframework.org/schema/task/spring-task-4.0.xsd=org/springframework/scheduling/config/spring-task-4.0.xsd, http://www.springframework.org/schema/tool/spring-tool-3.0.xsd=org/springframework/beans/factory/xml/spring-tool-3.0.xsd, http://www.springframework.org/schema/tx/spring-tx-4.0.xsd=org/springframework/transaction/config/spring-tx-4.0.xsd, http://www.springframework.org/schema/aop/spring-aop-2.0.xsd=org/springframework/aop/config/spring-aop-2.0.xsd, http://www.springframework.org/schema/jee/spring-jee-3.0.xsd=org/springframework/ejb/config/spring-jee-3.0.xsd, http://www.springframework.org/schema/util/spring-util-4.1.xsd=org/springframework/beans/factory/xml/spring-util-4.1.xsd, http://www.springframework.org/schema/task/spring-task-3.1.xsd=org/springframework/scheduling/config/spring-task-3.1.xsd, http://www.springframework.org/schema/beans/spring-beans-3.0.xsd=org/springframework/beans/factory/xml/spring-beans-3.0.xsd, http://www.springframework.org/schema/jee/spring-jee.xsd=org/springframework/ejb/config/spring-jee-4.2.xsd, http://www.springframework.org/schema/aop/spring-aop-2.5.xsd=org/springframework/aop/config/spring-aop-2.5.xsd, http://www.springframework.org/schema/lang/spring-lang-2.0.xsd=org/springframework/scripting/config/spring-lang-2.0.xsd, http://www.springframework.org/schema/util/spring-util-3.2.xsd=org/springframework/beans/factory/xml/spring-util-3.2.xsd, http://www.springframework.org/schema/task/spring-task.xsd=org/springframework/scheduling/config/spring-task-4.2.xsd, http://www.springframework.org/schema/tool/spring-tool-2.0.xsd=org/springframework/beans/factory/xml/spring-tool-2.0.xsd, http://www.springframework.org/schema/tx/spring-tx-3.0.xsd=org/springframework/transaction/config/spring-tx-3.0.xsd, http://www.springframework.org/schema/lang/spring-lang-2.5.xsd=org/springframework/scripting/config/spring-lang-2.5.xsd, http://www.springframework.org/schema/context/spring-context-4.2.xsd=org/springframework/context/config/spring-context-4.2.xsd, http://www.springframework.org/schema/jee/spring-jee-2.0.xsd=org/springframework/ejb/config/spring-jee-2.0.xsd, http://www.springframework.org/schema/tool/spring-tool-2.5.xsd=org/springframework/beans/factory/xml/spring-tool-2.5.xsd, http://www.springframework.org/schema/jee/spring-jee-2.5.xsd=org/springframework/ejb/config/spring-jee-2.5.xsd, http://www.springframework.org/schema/util/spring-util-4.0.xsd=org/springframework/beans/factory/xml/spring-util-4.0.xsd, http://www.springframework.org/schema/task/spring-task-3.0.xsd=org/springframework/scheduling/config/spring-task-3.0.xsd, http://www.springframework.org/schema/aop/spring-aop-4.2.xsd=org/springframework/aop/config/spring-aop-4.2.xsd, http://www.springframework.org/schema/lang/spring-lang.xsd=org/springframework/scripting/config/spring-lang-4.2.xsd, http://www.springframework.org/schema/context/spring-context-3.2.xsd=org/springframework/context/config/spring-context-3.2.xsd, http://www.springframework.org/schema/jdbc/spring-jdbc-4.2.xsd=org/springframework/jdbc/config/spring-jdbc-4.2.xsd, http://www.springframework.org/schema/mvc/spring-mvc-4.2.xsd=org/springframework/web/servlet/config/spring-mvc-4.2.xsd, http://www.springframework.org/schema/util/spring-util-3.1.xsd=org/springframework/beans/factory/xml/spring-util-3.1.xsd, http://www.springframework.org/schema/beans/spring-beans-2.0.xsd=org/springframework/beans/factory/xml/spring-beans-2.0.xsd, http://www.springframework.org/schema/cache/spring-cache.xsd=org/springframework/cache/config/spring-cache-4.2.xsd, http://www.springframework.org/schema/tx/spring-tx.xsd=org/springframework/transaction/config/spring-tx-4.2.xsd, http://www.springframework.org/schema/lang/spring-lang-4.2.xsd=org/springframework/scripting/config/spring-lang-4.2.xsd, http://www.springframework.org/schema/context/spring-context-4.1.xsd=org/springframework/context/config/spring-context-4.1.xsd, http://www.springframework.org/schema/beans/spring-beans-2.5.xsd=org/springframework/beans/factory/xml/spring-beans-2.5.xsd, http://www.springframework.org/schema/tool/spring-tool-4.2.xsd=org/springframework/beans/factory/xml/spring-tool-4.2.xsd, http://www.springframework.org/schema/tx/spring-tx-2.0.xsd=org/springframework/transaction/config/spring-tx-2.0.xsd, http://www.springframework.org/schema/jee/spring-jee-4.2.xsd=org/springframework/ejb/config/spring-jee-4.2.xsd, http://www.springframework.org/schema/jdbc/spring-jdbc-3.2.xsd=org/springframework/jdbc/config/spring-jdbc-3.2.xsd, http://www.springframework.org/schema/aop/spring-aop.xsd=org/springframework/aop/config/spring-aop-4.2.xsd}
2018-12-14 12:08:38,208 DEBUG (org.springframework.beans.factory.xml.PluggableSchemaResolver:119) - Found XML schema [http://www.springframework.org/schema/beans/spring-beans-4.0.xsd] in classpath: org/springframework/beans/factory/xml/spring-beans-4.0.xsd
2018-12-14 12:08:38,208 DEBUG (org.springframework.beans.factory.xml.PluggableSchemaResolver:119) - Found XML schema [http://www.springframework.org/schema/beans/spring-beans-4.0.xsd] in classpath: org/springframework/beans/factory/xml/spring-beans-4.0.xsd
2018-12-14 12:08:38,248 DEBUG (org.springframework.beans.factory.xml.PluggableSchemaResolver:119) - Found XML schema [http://www.springframework.org/schema/context/spring-context-4.0.xsd] in classpath: org/springframework/context/config/spring-context-4.0.xsd
2018-12-14 12:08:38,248 DEBUG (org.springframework.beans.factory.xml.PluggableSchemaResolver:119) - Found XML schema [http://www.springframework.org/schema/context/spring-context-4.0.xsd] in classpath: org/springframework/context/config/spring-context-4.0.xsd
2018-12-14 12:08:38,255 DEBUG (org.springframework.beans.factory.xml.PluggableSchemaResolver:119) - Found XML schema [http://www.springframework.org/schema/tool/spring-tool-4.0.xsd] in classpath: org/springframework/beans/factory/xml/spring-tool-4.0.xsd
2018-12-14 12:08:38,255 DEBUG (org.springframework.beans.factory.xml.PluggableSchemaResolver:119) - Found XML schema [http://www.springframework.org/schema/tool/spring-tool-4.0.xsd] in classpath: org/springframework/beans/factory/xml/spring-tool-4.0.xsd
2018-12-14 12:08:38,263 DEBUG (org.springframework.beans.factory.xml.PluggableSchemaResolver:119) - Found XML schema [http://www.springframework.org/schema/tx/spring-tx-4.0.xsd] in classpath: org/springframework/transaction/config/spring-tx-4.0.xsd
2018-12-14 12:08:38,263 DEBUG (org.springframework.beans.factory.xml.PluggableSchemaResolver:119) - Found XML schema [http://www.springframework.org/schema/tx/spring-tx-4.0.xsd] in classpath: org/springframework/transaction/config/spring-tx-4.0.xsd
2018-12-14 12:08:38,270 DEBUG (org.springframework.beans.factory.xml.PluggableSchemaResolver:119) - Found XML schema [http://www.springframework.org/schema/aop/spring-aop-4.0.xsd] in classpath: org/springframework/aop/config/spring-aop-4.0.xsd
2018-12-14 12:08:38,270 DEBUG (org.springframework.beans.factory.xml.PluggableSchemaResolver:119) - Found XML schema [http://www.springframework.org/schema/aop/spring-aop-4.0.xsd] in classpath: org/springframework/aop/config/spring-aop-4.0.xsd
2018-12-14 12:08:38,278 DEBUG (org.springframework.beans.factory.xml.DefaultBeanDefinitionDocumentReader:92) - Loading bean definitions
2018-12-14 12:08:38,278 DEBUG (org.springframework.beans.factory.xml.DefaultBeanDefinitionDocumentReader:92) - Loading bean definitions
2018-12-14 12:08:38,287 DEBUG (org.springframework.beans.factory.xml.DefaultNamespaceHandlerResolver:157) - Loaded NamespaceHandler mappings: {http://www.springframework.org/schema/p=org.springframework.beans.factory.xml.SimplePropertyNamespaceHandler, http://www.springframework.org/schema/mvc=org.springframework.web.servlet.config.MvcNamespaceHandler, http://www.springframework.org/schema/util=org.springframework.beans.factory.xml.UtilNamespaceHandler, http://www.springframework.org/schema/jee=org.springframework.ejb.config.JeeNamespaceHandler, http://www.springframework.org/schema/aop=org.springframework.aop.config.AopNamespaceHandler, http://www.springframework.org/schema/jdbc=org.springframework.jdbc.config.JdbcNamespaceHandler, http://www.springframework.org/schema/cache=org.springframework.cache.config.CacheNamespaceHandler, http://www.springframework.org/schema/c=org.springframework.beans.factory.xml.SimpleConstructorNamespaceHandler, http://www.springframework.org/schema/tx=org.springframework.transaction.config.TxNamespaceHandler, http://www.springframework.org/schema/task=org.springframework.scheduling.config.TaskNamespaceHandler, http://www.springframework.org/schema/lang=org.springframework.scripting.config.LangNamespaceHandler, http://www.springframework.org/schema/context=org.springframework.context.config.ContextNamespaceHandler}
2018-12-14 12:08:38,287 DEBUG (org.springframework.beans.factory.xml.DefaultNamespaceHandlerResolver:157) - Loaded NamespaceHandler mappings: {http://www.springframework.org/schema/p=org.springframework.beans.factory.xml.SimplePropertyNamespaceHandler, http://www.springframework.org/schema/mvc=org.springframework.web.servlet.config.MvcNamespaceHandler, http://www.springframework.org/schema/util=org.springframework.beans.factory.xml.UtilNamespaceHandler, http://www.springframework.org/schema/jee=org.springframework.ejb.config.JeeNamespaceHandler, http://www.springframework.org/schema/aop=org.springframework.aop.config.AopNamespaceHandler, http://www.springframework.org/schema/jdbc=org.springframework.jdbc.config.JdbcNamespaceHandler, http://www.springframework.org/schema/cache=org.springframework.cache.config.CacheNamespaceHandler, http://www.springframework.org/schema/c=org.springframework.beans.factory.xml.SimpleConstructorNamespaceHandler, http://www.springframework.org/schema/tx=org.springframework.transaction.config.TxNamespaceHandler, http://www.springframework.org/schema/task=org.springframework.scheduling.config.TaskNamespaceHandler, http://www.springframework.org/schema/lang=org.springframework.scripting.config.LangNamespaceHandler, http://www.springframework.org/schema/context=org.springframework.context.config.ContextNamespaceHandler}
2018-12-14 12:08:38,297 DEBUG (org.springframework.core.env.StandardEnvironment:109) - Adding [systemProperties] PropertySource with lowest search precedence
2018-12-14 12:08:38,297 DEBUG (org.springframework.core.env.StandardEnvironment:109) - Adding [systemProperties] PropertySource with lowest search precedence
2018-12-14 12:08:38,297 DEBUG (org.springframework.core.env.StandardEnvironment:109) - Adding [systemEnvironment] PropertySource with lowest search precedence
2018-12-14 12:08:38,297 DEBUG (org.springframework.core.env.StandardEnvironment:109) - Adding [systemEnvironment] PropertySource with lowest search precedence
2018-12-14 12:08:38,298 DEBUG (org.springframework.core.env.StandardEnvironment:127) - Initialized StandardEnvironment with PropertySources [systemProperties,systemEnvironment]
2018-12-14 12:08:38,298 DEBUG (org.springframework.core.env.StandardEnvironment:127) - Initialized StandardEnvironment with PropertySources [systemProperties,systemEnvironment]
2018-12-14 12:08:38,306 DEBUG (org.springframework.core.io.support.PathMatchingResourcePatternResolver:631) - Looking for matching resources in directory tree [E:\work_java\chapter20\target\test-classes\com\smart\dao]
2018-12-14 12:08:38,306 DEBUG (org.springframework.core.io.support.PathMatchingResourcePatternResolver:631) - Looking for matching resources in directory tree [E:\work_java\chapter20\target\test-classes\com\smart\dao]
2018-12-14 12:08:38,306 DEBUG (org.springframework.core.io.support.PathMatchingResourcePatternResolver:693) - Searching directory [E:\work_java\chapter20\target\test-classes\com\smart\dao] for files matching pattern [E:/work_java/chapter20/target/test-classes/com/smart/dao/**/*.class]
2018-12-14 12:08:38,306 DEBUG (org.springframework.core.io.support.PathMatchingResourcePatternResolver:693) - Searching directory [E:\work_java\chapter20\target\test-classes\com\smart\dao] for files matching pattern [E:/work_java/chapter20/target/test-classes/com/smart/dao/**/*.class]
2018-12-14 12:08:38,309 DEBUG (org.springframework.core.io.support.PathMatchingResourcePatternResolver:631) - Looking for matching resources in directory tree [E:\work_java\chapter20\target\classes\com\smart\dao]
2018-12-14 12:08:38,309 DEBUG (org.springframework.core.io.support.PathMatchingResourcePatternResolver:631) - Looking for matching resources in directory tree [E:\work_java\chapter20\target\classes\com\smart\dao]
2018-12-14 12:08:38,310 DEBUG (org.springframework.core.io.support.PathMatchingResourcePatternResolver:693) - Searching directory [E:\work_java\chapter20\target\classes\com\smart\dao] for files matching pattern [E:/work_java/chapter20/target/classes/com/smart/dao/**/*.class]
2018-12-14 12:08:38,310 DEBUG (org.springframework.core.io.support.PathMatchingResourcePatternResolver:693) - Searching directory [E:\work_java\chapter20\target\classes\com\smart\dao] for files matching pattern [E:/work_java/chapter20/target/classes/com/smart/dao/**/*.class]
2018-12-14 12:08:38,310 DEBUG (org.springframework.core.io.support.PathMatchingResourcePatternResolver:424) - Resolved location pattern [classpath*:com/smart/dao/**/*.class] to resources [file [E:\work_java\chapter20\target\test-classes\com\smart\dao\UserDaoTest.class], file [E:\work_java\chapter20\target\classes\com\smart\dao\HibernateUserDaoImpl.class], file [E:\work_java\chapter20\target\classes\com\smart\dao\LoginLogDao.class], file [E:\work_java\chapter20\target\classes\com\smart\dao\UserDao.class]]
2018-12-14 12:08:38,310 DEBUG (org.springframework.core.io.support.PathMatchingResourcePatternResolver:424) - Resolved location pattern [classpath*:com/smart/dao/**/*.class] to resources [file [E:\work_java\chapter20\target\test-classes\com\smart\dao\UserDaoTest.class], file [E:\work_java\chapter20\target\classes\com\smart\dao\HibernateUserDaoImpl.class], file [E:\work_java\chapter20\target\classes\com\smart\dao\LoginLogDao.class], file [E:\work_java\chapter20\target\classes\com\smart\dao\UserDao.class]]
2018-12-14 12:08:38,333 DEBUG (org.springframework.context.annotation.ClassPathBeanDefinitionScanner:286) - Identified candidate component class: file [E:\work_java\chapter20\target\classes\com\smart\dao\HibernateUserDaoImpl.class]
2018-12-14 12:08:38,333 DEBUG (org.springframework.context.annotation.ClassPathBeanDefinitionScanner:286) - Identified candidate component class: file [E:\work_java\chapter20\target\classes\com\smart\dao\HibernateUserDaoImpl.class]
2018-12-14 12:08:38,334 DEBUG (org.springframework.context.annotation.ClassPathBeanDefinitionScanner:292) - Ignored because not a concrete top-level class: file [E:\work_java\chapter20\target\classes\com\smart\dao\LoginLogDao.class]
2018-12-14 12:08:38,334 DEBUG (org.springframework.context.annotation.ClassPathBeanDefinitionScanner:292) - Ignored because not a concrete top-level class: file [E:\work_java\chapter20\target\classes\com\smart\dao\LoginLogDao.class]
2018-12-14 12:08:38,334 DEBUG (org.springframework.context.annotation.ClassPathBeanDefinitionScanner:292) - Ignored because not a concrete top-level class: file [E:\work_java\chapter20\target\classes\com\smart\dao\UserDao.class]
2018-12-14 12:08:38,334 DEBUG (org.springframework.context.annotation.ClassPathBeanDefinitionScanner:292) - Ignored because not a concrete top-level class: file [E:\work_java\chapter20\target\classes\com\smart\dao\UserDao.class]
2018-12-14 12:08:38,387 DEBUG (org.springframework.beans.factory.xml.XmlBeanDefinitionReader:224) - Loaded 17 bean definitions from location pattern [smart-dao.xml]
2018-12-14 12:08:38,387 DEBUG (org.springframework.beans.factory.xml.XmlBeanDefinitionReader:224) - Loaded 17 bean definitions from location pattern [smart-dao.xml]
2018-12-14 12:08:38,388 DEBUG (org.springframework.context.support.ClassPathXmlApplicationContext:608) - Bean factory for org.springframework.context.support.ClassPathXmlApplicationContext@103f852: org.springframework.beans.factory.support.DefaultListableBeanFactory@22ff4249: defining beans [hibernateUserDao,org.springframework.context.annotation.internalConfigurationAnnotationProcessor,org.springframework.context.annotation.internalAutowiredAnnotationProcessor,org.springframework.context.annotation.internalRequiredAnnotationProcessor,org.springframework.context.annotation.internalCommonAnnotationProcessor,org.springframework.context.annotation.internalPersistenceAnnotationProcessor,org.springframework.context.event.internalEventListenerProcessor,org.springframework.context.event.internalEventListenerFactory,org.springframework.context.support.PropertySourcesPlaceholderConfigurer#0,dataSource,sessionFactory,hibernateTemplate,jdbcTemplate,transactionManager,txAdvice,org.springframework.aop.config.internalAutoProxyCreator,managerTx]; root of factory hierarchy
2018-12-14 12:08:38,388 DEBUG (org.springframework.context.support.ClassPathXmlApplicationContext:608) - Bean factory for org.springframework.context.support.ClassPathXmlApplicationContext@103f852: org.springframework.beans.factory.support.DefaultListableBeanFactory@22ff4249: defining beans [hibernateUserDao,org.springframework.context.annotation.internalConfigurationAnnotationProcessor,org.springframework.context.annotation.internalAutowiredAnnotationProcessor,org.springframework.context.annotation.internalRequiredAnnotationProcessor,org.springframework.context.annotation.internalCommonAnnotationProcessor,org.springframework.context.annotation.internalPersistenceAnnotationProcessor,org.springframework.context.event.internalEventListenerProcessor,org.springframework.context.event.internalEventListenerFactory,org.springframework.context.support.PropertySourcesPlaceholderConfigurer#0,dataSource,sessionFactory,hibernateTemplate,jdbcTemplate,transactionManager,txAdvice,org.springframework.aop.config.internalAutoProxyCreator,managerTx]; root of factory hierarchy
2018-12-14 12:08:38,412 DEBUG (org.springframework.beans.factory.support.DefaultListableBeanFactory:221) - Creating shared instance of singleton bean &apos;org.springframework.context.annotation.internalConfigurationAnnotationProcessor&apos;
2018-12-14 12:08:38,412 DEBUG (org.springframework.beans.factory.support.DefaultListableBeanFactory:221) - Creating shared instance of singleton bean &apos;org.springframework.context.annotation.internalConfigurationAnnotationProcessor&apos;
2018-12-14 12:08:38,413 DEBUG (org.springframework.beans.factory.support.DefaultListableBeanFactory:448) - Creating instance of bean &apos;org.springframework.context.annotation.internalConfigurationAnnotationProcessor&apos;
2018-12-14 12:08:38,413 DEBUG (org.springframework.beans.factory.support.DefaultListableBeanFactory:448) - Creating instance of bean &apos;org.springframework.context.annotation.internalConfigurationAnnotationProcessor&apos;
2018-12-14 12:08:38,427 DEBUG (org.springframework.beans.factory.support.DefaultListableBeanFactory:529) - Eagerly caching bean &apos;org.springframework.context.annotation.internalConfigurationAnnotationProcessor&apos; to allow for resolving potential circular references
2018-12-14 12:08:38,427 DEBUG (org.springframework.beans.factory.support.DefaultListableBeanFactory:529) - Eagerly caching bean &apos;org.springframework.context.annotation.internalConfigurationAnnotationProcessor&apos; to allow for resolving potential circular references
2018-12-14 12:08:38,429 DEBUG (org.springframework.beans.factory.support.DefaultListableBeanFactory:484) - Finished creating instance of bean &apos;org.springframework.context.annotation.internalConfigurationAnnotationProcessor&apos;
2018-12-14 12:08:38,429 DEBUG (org.springframework.beans.factory.support.DefaultListableBeanFactory:484) - Finished creating instance of bean &apos;org.springframework.context.annotation.internalConfigurationAnnotationProcessor&apos;
2018-12-14 12:08:38,475 DEBUG (org.springframework.beans.factory.support.DefaultListableBeanFactory:221) - Creating shared instance of singleton bean &apos;org.springframework.context.support.PropertySourcesPlaceholderConfigurer#0&apos;
2018-12-14 12:08:38,475 DEBUG (org.springframework.beans.factory.support.DefaultListableBeanFactory:221) - Creating shared instance of singleton bean &apos;org.springframework.context.support.PropertySourcesPlaceholderConfigurer#0&apos;
2018-12-14 12:08:38,475 DEBUG (org.springframework.beans.factory.support.DefaultListableBeanFactory:448) - Creating instance of bean &apos;org.springframework.context.support.PropertySourcesPlaceholderConfigurer#0&apos;
2018-12-14 12:08:38,475 DEBUG (org.springframework.beans.factory.support.DefaultListableBeanFactory:448) - Creating instance of bean &apos;org.springframework.context.support.PropertySourcesPlaceholderConfigurer#0&apos;
2018-12-14 12:08:38,476 DEBUG (org.springframework.beans.factory.support.DefaultListableBeanFactory:529) - Eagerly caching bean &apos;org.springframework.context.support.PropertySourcesPlaceholderConfigurer#0&apos; to allow for resolving potential circular references
2018-12-14 12:08:38,476 DEBUG (org.springframework.beans.factory.support.DefaultListableBeanFactory:529) - Eagerly caching bean &apos;org.springframework.context.support.PropertySourcesPlaceholderConfigurer#0&apos; to allow for resolving potential circular references
2018-12-14 12:08:38,501 DEBUG (org.springframework.beans.factory.support.DefaultListableBeanFactory:484) - Finished creating instance of bean &apos;org.springframework.context.support.PropertySourcesPlaceholderConfigurer#0&apos;
2018-12-14 12:08:38,501 DEBUG (org.springframework.beans.factory.support.DefaultListableBeanFactory:484) - Finished creating instance of bean &apos;org.springframework.context.support.PropertySourcesPlaceholderConfigurer#0&apos;
2018-12-14 12:08:38,502 DEBUG (org.springframework.core.env.MutablePropertySources:109) - Adding [environmentProperties] PropertySource with lowest search precedence
2018-12-14 12:08:38,502 DEBUG (org.springframework.core.env.MutablePropertySources:109) - Adding [environmentProperties] PropertySource with lowest search precedence
2018-12-14 12:08:38,502  INFO (org.springframework.context.support.PropertySourcesPlaceholderConfigurer:172) - Loading properties file from class path resource [jdbc.properties]
2018-12-14 12:08:38,502  INFO (org.springframework.context.support.PropertySourcesPlaceholderConfigurer:172) - Loading properties file from class path resource [jdbc.properties]
2018-12-14 12:08:38,503 DEBUG (org.springframework.core.env.MutablePropertySources:109) - Adding [localProperties] PropertySource with lowest search precedence
2018-12-14 12:08:38,503 DEBUG (org.springframework.core.env.MutablePropertySources:109) - Adding [localProperties] PropertySource with lowest search precedence
2018-12-14 12:08:38,506 DEBUG (org.springframework.core.env.PropertySourcesPropertyResolver:81) - Searching for key &apos;jdbc.driverClassName&apos; in [environmentProperties]
2018-12-14 12:08:38,506 DEBUG (org.springframework.core.env.PropertySourcesPropertyResolver:81) - Searching for key &apos;jdbc.driverClassName&apos; in [environmentProperties]
2018-12-14 12:08:38,507 DEBUG (org.springframework.core.env.PropertySourcesPropertyResolver:81) - Searching for key &apos;jdbc.driverClassName&apos; in [systemProperties]
2018-12-14 12:08:38,507 DEBUG (org.springframework.core.env.PropertySourcesPropertyResolver:81) - Searching for key &apos;jdbc.driverClassName&apos; in [systemProperties]
2018-12-14 12:08:38,507 DEBUG (org.springframework.core.env.PropertySourcesPropertyResolver:81) - Searching for key &apos;jdbc.driverClassName&apos; in [systemEnvironment]
2018-12-14 12:08:38,507 DEBUG (org.springframework.core.env.PropertySourcesPropertyResolver:81) - Searching for key &apos;jdbc.driverClassName&apos; in [systemEnvironment]
2018-12-14 12:08:38,508 DEBUG (org.springframework.core.env.PropertySourcesPropertyResolver:103) - Could not find key &apos;jdbc.driverClassName&apos; in any property source. Returning [null]
2018-12-14 12:08:38,508 DEBUG (org.springframework.core.env.PropertySourcesPropertyResolver:103) - Could not find key &apos;jdbc.driverClassName&apos; in any property source. Returning [null]
2018-12-14 12:08:38,508 DEBUG (org.springframework.core.env.PropertySourcesPropertyResolver:81) - Searching for key &apos;jdbc.driverClassName&apos; in [localProperties]
2018-12-14 12:08:38,508 DEBUG (org.springframework.core.env.PropertySourcesPropertyResolver:81) - Searching for key &apos;jdbc.driverClassName&apos; in [localProperties]
2018-12-14 12:08:38,508 DEBUG (org.springframework.core.env.PropertySourcesPropertyResolver:90) - Found key &apos;jdbc.driverClassName&apos; in [localProperties] with type [String] and value &apos;com.mysql.jdbc.Driver&apos;
2018-12-14 12:08:38,508 DEBUG (org.springframework.core.env.PropertySourcesPropertyResolver:90) - Found key &apos;jdbc.driverClassName&apos; in [localProperties] with type [String] and value &apos;com.mysql.jdbc.Driver&apos;
2018-12-14 12:08:38,510 DEBUG (org.springframework.core.env.PropertySourcesPropertyResolver:81) - Searching for key &apos;jdbc.password&apos; in [environmentProperties]
2018-12-14 12:08:38,510 DEBUG (org.springframework.core.env.PropertySourcesPropertyResolver:81) - Searching for key &apos;jdbc.password&apos; in [environmentProperties]
2018-12-14 12:08:38,511 DEBUG (org.springframework.core.env.PropertySourcesPropertyResolver:81) - Searching for key &apos;jdbc.password&apos; in [systemProperties]
2018-12-14 12:08:38,511 DEBUG (org.springframework.core.env.PropertySourcesPropertyResolver:81) - Searching for key &apos;jdbc.password&apos; in [systemProperties]
2018-12-14 12:08:38,511 DEBUG (org.springframework.core.env.PropertySourcesPropertyResolver:81) - Searching for key &apos;jdbc.password&apos; in [systemEnvironment]
2018-12-14 12:08:38,511 DEBUG (org.springframework.core.env.PropertySourcesPropertyResolver:81) - Searching for key &apos;jdbc.password&apos; in [systemEnvironment]
2018-12-14 12:08:38,511 DEBUG (org.springframework.core.env.PropertySourcesPropertyResolver:103) - Could not find key &apos;jdbc.password&apos; in any property source. Returning [null]
2018-12-14 12:08:38,511 DEBUG (org.springframework.core.env.PropertySourcesPropertyResolver:103) - Could not find key &apos;jdbc.password&apos; in any property source. Returning [null]
2018-12-14 12:08:38,512 DEBUG (org.springframework.core.env.PropertySourcesPropertyResolver:81) - Searching for key &apos;jdbc.password&apos; in [localProperties]
2018-12-14 12:08:38,512 DEBUG (org.springframework.core.env.PropertySourcesPropertyResolver:81) - Searching for key &apos;jdbc.password&apos; in [localProperties]
2018-12-14 12:08:38,512 DEBUG (org.springframework.core.env.PropertySourcesPropertyResolver:90) - Found key &apos;jdbc.password&apos; in [localProperties] with type [String] and value &apos;rootroot&apos;
2018-12-14 12:08:38,512 DEBUG (org.springframework.core.env.PropertySourcesPropertyResolver:90) - Found key &apos;jdbc.password&apos; in [localProperties] with type [String] and value &apos;rootroot&apos;
2018-12-14 12:08:38,512 DEBUG (org.springframework.core.env.PropertySourcesPropertyResolver:81) - Searching for key &apos;jdbc.url&apos; in [environmentProperties]
2018-12-14 12:08:38,512 DEBUG (org.springframework.core.env.PropertySourcesPropertyResolver:81) - Searching for key &apos;jdbc.url&apos; in [environmentProperties]
2018-12-14 12:08:38,512 DEBUG (org.springframework.core.env.PropertySourcesPropertyResolver:81) - Searching for key &apos;jdbc.url&apos; in [systemProperties]
2018-12-14 12:08:38,512 DEBUG (org.springframework.core.env.PropertySourcesPropertyResolver:81) - Searching for key &apos;jdbc.url&apos; in [systemProperties]
2018-12-14 12:08:38,513 DEBUG (org.springframework.core.env.PropertySourcesPropertyResolver:81) - Searching for key &apos;jdbc.url&apos; in [systemEnvironment]
2018-12-14 12:08:38,513 DEBUG (org.springframework.core.env.PropertySourcesPropertyResolver:81) - Searching for key &apos;jdbc.url&apos; in [systemEnvironment]
2018-12-14 12:08:38,513 DEBUG (org.springframework.core.env.PropertySourcesPropertyResolver:103) - Could not find key &apos;jdbc.url&apos; in any property source. Returning [null]
2018-12-14 12:08:38,513 DEBUG (org.springframework.core.env.PropertySourcesPropertyResolver:103) - Could not find key &apos;jdbc.url&apos; in any property source. Returning [null]
2018-12-14 12:08:38,513 DEBUG (org.springframework.core.env.PropertySourcesPropertyResolver:81) - Searching for key &apos;jdbc.url&apos; in [localProperties]
2018-12-14 12:08:38,513 DEBUG (org.springframework.core.env.PropertySourcesPropertyResolver:81) - Searching for key &apos;jdbc.url&apos; in [localProperties]
2018-12-14 12:08:38,514 DEBUG (org.springframework.core.env.PropertySourcesPropertyResolver:90) - Found key &apos;jdbc.url&apos; in [localProperties] with type [String] and value &apos;jdbc:mysql://localhost:3306/spring4_x_chapter20?useUnicode=true&amp;characterEncoding=UTF-8&apos;
2018-12-14 12:08:38,514 DEBUG (org.springframework.core.env.PropertySourcesPropertyResolver:90) - Found key &apos;jdbc.url&apos; in [localProperties] with type [String] and value &apos;jdbc:mysql://localhost:3306/spring4_x_chapter20?useUnicode=true&amp;characterEncoding=UTF-8&apos;
2018-12-14 12:08:38,514 DEBUG (org.springframework.core.env.PropertySourcesPropertyResolver:81) - Searching for key &apos;jdbc.username&apos; in [environmentProperties]
2018-12-14 12:08:38,514 DEBUG (org.springframework.core.env.PropertySourcesPropertyResolver:81) - Searching for key &apos;jdbc.username&apos; in [environmentProperties]
2018-12-14 12:08:38,515 DEBUG (org.springframework.core.env.PropertySourcesPropertyResolver:81) - Searching for key &apos;jdbc.username&apos; in [systemProperties]
2018-12-14 12:08:38,515 DEBUG (org.springframework.core.env.PropertySourcesPropertyResolver:81) - Searching for key &apos;jdbc.username&apos; in [systemProperties]
2018-12-14 12:08:38,515 DEBUG (org.springframework.core.env.PropertySourcesPropertyResolver:81) - Searching for key &apos;jdbc.username&apos; in [systemEnvironment]
2018-12-14 12:08:38,515 DEBUG (org.springframework.core.env.PropertySourcesPropertyResolver:81) - Searching for key &apos;jdbc.username&apos; in [systemEnvironment]
2018-12-14 12:08:38,515 DEBUG (org.springframework.core.env.PropertySourcesPropertyResolver:103) - Could not find key &apos;jdbc.username&apos; in any property source. Returning [null]
2018-12-14 12:08:38,515 DEBUG (org.springframework.core.env.PropertySourcesPropertyResolver:103) - Could not find key &apos;jdbc.username&apos; in any property source. Returning [null]
2018-12-14 12:08:38,516 DEBUG (org.springframework.core.env.PropertySourcesPropertyResolver:81) - Searching for key &apos;jdbc.username&apos; in [localProperties]
2018-12-14 12:08:38,516 DEBUG (org.springframework.core.env.PropertySourcesPropertyResolver:81) - Searching for key &apos;jdbc.username&apos; in [localProperties]
2018-12-14 12:08:38,516 DEBUG (org.springframework.core.env.PropertySourcesPropertyResolver:90) - Found key &apos;jdbc.username&apos; in [localProperties] with type [String] and value &apos;root&apos;
2018-12-14 12:08:38,516 DEBUG (org.springframework.core.env.PropertySourcesPropertyResolver:90) - Found key &apos;jdbc.username&apos; in [localProperties] with type [String] and value &apos;root&apos;
2018-12-14 12:08:38,519 DEBUG (org.springframework.beans.factory.support.DefaultListableBeanFactory:221) - Creating shared instance of singleton bean &apos;org.springframework.context.annotation.internalAutowiredAnnotationProcessor&apos;
2018-12-14 12:08:38,519 DEBUG (org.springframework.beans.factory.support.DefaultListableBeanFactory:221) - Creating shared instance of singleton bean &apos;org.springframework.context.annotation.internalAutowiredAnnotationProcessor&apos;
2018-12-14 12:08:38,519 DEBUG (org.springframework.beans.factory.support.DefaultListableBeanFactory:448) - Creating instance of bean &apos;org.springframework.context.annotation.internalAutowiredAnnotationProcessor&apos;
2018-12-14 12:08:38,519 DEBUG (org.springframework.beans.factory.support.DefaultListableBeanFactory:448) - Creating instance of bean &apos;org.springframework.context.annotation.internalAutowiredAnnotationProcessor&apos;
2018-12-14 12:08:38,520 DEBUG (org.springframework.beans.factory.support.DefaultListableBeanFactory:529) - Eagerly caching bean &apos;org.springframework.context.annotation.internalAutowiredAnnotationProcessor&apos; to allow for resolving potential circular references
2018-12-14 12:08:38,520 DEBUG (org.springframework.beans.factory.support.DefaultListableBeanFactory:529) - Eagerly caching bean &apos;org.springframework.context.annotation.internalAutowiredAnnotationProcessor&apos; to allow for resolving potential circular references
2018-12-14 12:08:38,521 DEBUG (org.springframework.beans.factory.support.DefaultListableBeanFactory:484) - Finished creating instance of bean &apos;org.springframework.context.annotation.internalAutowiredAnnotationProcessor&apos;
2018-12-14 12:08:38,521 DEBUG (org.springframework.beans.factory.support.DefaultListableBeanFactory:484) - Finished creating instance of bean &apos;org.springframework.context.annotation.internalAutowiredAnnotationProcessor&apos;
2018-12-14 12:08:38,521 DEBUG (org.springframework.beans.factory.support.DefaultListableBeanFactory:221) - Creating shared instance of singleton bean &apos;org.springframework.context.annotation.internalRequiredAnnotationProcessor&apos;
2018-12-14 12:08:38,521 DEBUG (org.springframework.beans.factory.support.DefaultListableBeanFactory:221) - Creating shared instance of singleton bean &apos;org.springframework.context.annotation.internalRequiredAnnotationProcessor&apos;
2018-12-14 12:08:38,521 DEBUG (org.springframework.beans.factory.support.DefaultListableBeanFactory:448) - Creating instance of bean &apos;org.springframework.context.annotation.internalRequiredAnnotationProcessor&apos;
2018-12-14 12:08:38,521 DEBUG (org.springframework.beans.factory.support.DefaultListableBeanFactory:448) - Creating instance of bean &apos;org.springframework.context.annotation.internalRequiredAnnotationProcessor&apos;
2018-12-14 12:08:38,522 DEBUG (org.springframework.beans.factory.support.DefaultListableBeanFactory:529) - Eagerly caching bean &apos;org.springframework.context.annotation.internalRequiredAnnotationProcessor&apos; to allow for resolving potential circular references
2018-12-14 12:08:38,522 DEBUG (org.springframework.beans.factory.support.DefaultListableBeanFactory:529) - Eagerly caching bean &apos;org.springframework.context.annotation.internalRequiredAnnotationProcessor&apos; to allow for resolving potential circular references
2018-12-14 12:08:38,523 DEBUG (org.springframework.beans.factory.support.DefaultListableBeanFactory:484) - Finished creating instance of bean &apos;org.springframework.context.annotation.internalRequiredAnnotationProcessor&apos;
2018-12-14 12:08:38,523 DEBUG (org.springframework.beans.factory.support.DefaultListableBeanFactory:484) - Finished creating instance of bean &apos;org.springframework.context.annotation.internalRequiredAnnotationProcessor&apos;
2018-12-14 12:08:38,523 DEBUG (org.springframework.beans.factory.support.DefaultListableBeanFactory:221) - Creating shared instance of singleton bean &apos;org.springframework.context.annotation.internalCommonAnnotationProcessor&apos;
2018-12-14 12:08:38,523 DEBUG (org.springframework.beans.factory.support.DefaultListableBeanFactory:221) - Creating shared instance of singleton bean &apos;org.springframework.context.annotation.internalCommonAnnotationProcessor&apos;
2018-12-14 12:08:38,523 DEBUG (org.springframework.beans.factory.support.DefaultListableBeanFactory:448) - Creating instance of bean &apos;org.springframework.context.annotation.internalCommonAnnotationProcessor&apos;
2018-12-14 12:08:38,523 DEBUG (org.springframework.beans.factory.support.DefaultListableBeanFactory:448) - Creating instance of bean &apos;org.springframework.context.annotation.internalCommonAnnotationProcessor&apos;
2018-12-14 12:08:38,527 DEBUG (org.springframework.beans.factory.support.DefaultListableBeanFactory:529) - Eagerly caching bean &apos;org.springframework.context.annotation.internalCommonAnnotationProcessor&apos; to allow for resolving potential circular references
2018-12-14 12:08:38,527 DEBUG (org.springframework.beans.factory.support.DefaultListableBeanFactory:529) - Eagerly caching bean &apos;org.springframework.context.annotation.internalCommonAnnotationProcessor&apos; to allow for resolving potential circular references
2018-12-14 12:08:38,527 DEBUG (org.springframework.beans.factory.support.DefaultListableBeanFactory:484) - Finished creating instance of bean &apos;org.springframework.context.annotation.internalCommonAnnotationProcessor&apos;
2018-12-14 12:08:38,527 DEBUG (org.springframework.beans.factory.support.DefaultListableBeanFactory:484) - Finished creating instance of bean &apos;org.springframework.context.annotation.internalCommonAnnotationProcessor&apos;
2018-12-14 12:08:38,528 DEBUG (org.springframework.beans.factory.support.DefaultListableBeanFactory:221) - Creating shared instance of singleton bean &apos;org.springframework.context.annotation.internalPersistenceAnnotationProcessor&apos;
2018-12-14 12:08:38,528 DEBUG (org.springframework.beans.factory.support.DefaultListableBeanFactory:221) - Creating shared instance of singleton bean &apos;org.springframework.context.annotation.internalPersistenceAnnotationProcessor&apos;
2018-12-14 12:08:38,528 DEBUG (org.springframework.beans.factory.support.DefaultListableBeanFactory:448) - Creating instance of bean &apos;org.springframework.context.annotation.internalPersistenceAnnotationProcessor&apos;
2018-12-14 12:08:38,528 DEBUG (org.springframework.beans.factory.support.DefaultListableBeanFactory:448) - Creating instance of bean &apos;org.springframework.context.annotation.internalPersistenceAnnotationProcessor&apos;
2018-12-14 12:08:38,530 DEBUG (org.springframework.beans.factory.support.DefaultListableBeanFactory:529) - Eagerly caching bean &apos;org.springframework.context.annotation.internalPersistenceAnnotationProcessor&apos; to allow for resolving potential circular references
2018-12-14 12:08:38,530 DEBUG (org.springframework.beans.factory.support.DefaultListableBeanFactory:529) - Eagerly caching bean &apos;org.springframework.context.annotation.internalPersistenceAnnotationProcessor&apos; to allow for resolving potential circular references
2018-12-14 12:08:38,530 DEBUG (org.springframework.beans.factory.support.DefaultListableBeanFactory:484) - Finished creating instance of bean &apos;org.springframework.context.annotation.internalPersistenceAnnotationProcessor&apos;
2018-12-14 12:08:38,530 DEBUG (org.springframework.beans.factory.support.DefaultListableBeanFactory:484) - Finished creating instance of bean &apos;org.springframework.context.annotation.internalPersistenceAnnotationProcessor&apos;
2018-12-14 12:08:38,531 DEBUG (org.springframework.beans.factory.support.DefaultListableBeanFactory:221) - Creating shared instance of singleton bean &apos;org.springframework.context.annotation.ConfigurationClassPostProcessor.importAwareProcessor&apos;
2018-12-14 12:08:38,531 DEBUG (org.springframework.beans.factory.support.DefaultListableBeanFactory:221) - Creating shared instance of singleton bean &apos;org.springframework.context.annotation.ConfigurationClassPostProcessor.importAwareProcessor&apos;
2018-12-14 12:08:38,531 DEBUG (org.springframework.beans.factory.support.DefaultListableBeanFactory:448) - Creating instance of bean &apos;org.springframework.context.annotation.ConfigurationClassPostProcessor.importAwareProcessor&apos;
2018-12-14 12:08:38,531 DEBUG (org.springframework.beans.factory.support.DefaultListableBeanFactory:448) - Creating instance of bean &apos;org.springframework.context.annotation.ConfigurationClassPostProcessor.importAwareProcessor&apos;
2018-12-14 12:08:38,531 DEBUG (org.springframework.beans.factory.support.DefaultListableBeanFactory:529) - Eagerly caching bean &apos;org.springframework.context.annotation.ConfigurationClassPostProcessor.importAwareProcessor&apos; to allow for resolving potential circular references
2018-12-14 12:08:38,531 DEBUG (org.springframework.beans.factory.support.DefaultListableBeanFactory:529) - Eagerly caching bean &apos;org.springframework.context.annotation.ConfigurationClassPostProcessor.importAwareProcessor&apos; to allow for resolving potential circular references
2018-12-14 12:08:38,532 DEBUG (org.springframework.beans.factory.support.DefaultListableBeanFactory:484) - Finished creating instance of bean &apos;org.springframework.context.annotation.ConfigurationClassPostProcessor.importAwareProcessor&apos;
2018-12-14 12:08:38,532 DEBUG (org.springframework.beans.factory.support.DefaultListableBeanFactory:484) - Finished creating instance of bean &apos;org.springframework.context.annotation.ConfigurationClassPostProcessor.importAwareProcessor&apos;
2018-12-14 12:08:38,537 DEBUG (org.springframework.beans.factory.support.DefaultListableBeanFactory:221) - Creating shared instance of singleton bean &apos;org.springframework.context.annotation.ConfigurationClassPostProcessor.enhancedConfigurationProcessor&apos;
2018-12-14 12:08:38,537 DEBUG (org.springframework.beans.factory.support.DefaultListableBeanFactory:221) - Creating shared instance of singleton bean &apos;org.springframework.context.annotation.ConfigurationClassPostProcessor.enhancedConfigurationProcessor&apos;
2018-12-14 12:08:38,538 DEBUG (org.springframework.beans.factory.support.DefaultListableBeanFactory:448) - Creating instance of bean &apos;org.springframework.context.annotation.ConfigurationClassPostProcessor.enhancedConfigurationProcessor&apos;
2018-12-14 12:08:38,538 DEBUG (org.springframework.beans.factory.support.DefaultListableBeanFactory:448) - Creating instance of bean &apos;org.springframework.context.annotation.ConfigurationClassPostProcessor.enhancedConfigurationProcessor&apos;
2018-12-14 12:08:38,538 DEBUG (org.springframework.beans.factory.support.DefaultListableBeanFactory:529) - Eagerly caching bean &apos;org.springframework.context.annotation.ConfigurationClassPostProcessor.enhancedConfigurationProcessor&apos; to allow for resolving potential circular references
2018-12-14 12:08:38,538 DEBUG (org.springframework.beans.factory.support.DefaultListableBeanFactory:529) - Eagerly caching bean &apos;org.springframework.context.annotation.ConfigurationClassPostProcessor.enhancedConfigurationProcessor&apos; to allow for resolving potential circular references
2018-12-14 12:08:38,538 DEBUG (org.springframework.beans.factory.support.DefaultListableBeanFactory:484) - Finished creating instance of bean &apos;org.springframework.context.annotation.ConfigurationClassPostProcessor.enhancedConfigurationProcessor&apos;
2018-12-14 12:08:38,538 DEBUG (org.springframework.beans.factory.support.DefaultListableBeanFactory:484) - Finished creating instance of bean &apos;org.springframework.context.annotation.ConfigurationClassPostProcessor.enhancedConfigurationProcessor&apos;
2018-12-14 12:08:38,539 DEBUG (org.springframework.beans.factory.support.DefaultListableBeanFactory:221) - Creating shared instance of singleton bean &apos;org.springframework.aop.config.internalAutoProxyCreator&apos;
2018-12-14 12:08:38,539 DEBUG (org.springframework.beans.factory.support.DefaultListableBeanFactory:221) - Creating shared instance of singleton bean &apos;org.springframework.aop.config.internalAutoProxyCreator&apos;
2018-12-14 12:08:38,539 DEBUG (org.springframework.beans.factory.support.DefaultListableBeanFactory:448) - Creating instance of bean &apos;org.springframework.aop.config.internalAutoProxyCreator&apos;
2018-12-14 12:08:38,539 DEBUG (org.springframework.beans.factory.support.DefaultListableBeanFactory:448) - Creating instance of bean &apos;org.springframework.aop.config.internalAutoProxyCreator&apos;
2018-12-14 12:08:38,554 DEBUG (org.springframework.beans.factory.support.DefaultListableBeanFactory:529) - Eagerly caching bean &apos;org.springframework.aop.config.internalAutoProxyCreator&apos; to allow for resolving potential circular references
2018-12-14 12:08:38,554 DEBUG (org.springframework.beans.factory.support.DefaultListableBeanFactory:529) - Eagerly caching bean &apos;org.springframework.aop.config.internalAutoProxyCreator&apos; to allow for resolving potential circular references
2018-12-14 12:08:38,567 DEBUG (org.springframework.beans.factory.support.DefaultListableBeanFactory:484) - Finished creating instance of bean &apos;org.springframework.aop.config.internalAutoProxyCreator&apos;
2018-12-14 12:08:38,567 DEBUG (org.springframework.beans.factory.support.DefaultListableBeanFactory:484) - Finished creating instance of bean &apos;org.springframework.aop.config.internalAutoProxyCreator&apos;
2018-12-14 12:08:38,570 DEBUG (org.springframework.context.support.ClassPathXmlApplicationContext:714) - Unable to locate MessageSource with name &apos;messageSource&apos;: using default [org.springframework.context.support.DelegatingMessageSource@16a0ee18]
2018-12-14 12:08:38,570 DEBUG (org.springframework.context.support.ClassPathXmlApplicationContext:714) - Unable to locate MessageSource with name &apos;messageSource&apos;: using default [org.springframework.context.support.DelegatingMessageSource@16a0ee18]
2018-12-14 12:08:38,572 DEBUG (org.springframework.context.support.ClassPathXmlApplicationContext:738) - Unable to locate ApplicationEventMulticaster with name &apos;applicationEventMulticaster&apos;: using default [org.springframework.context.event.SimpleApplicationEventMulticaster@16610890]
2018-12-14 12:08:38,572 DEBUG (org.springframework.context.support.ClassPathXmlApplicationContext:738) - Unable to locate ApplicationEventMulticaster with name &apos;applicationEventMulticaster&apos;: using default [org.springframework.context.event.SimpleApplicationEventMulticaster@16610890]
2018-12-14 12:08:38,573 DEBUG (org.springframework.beans.factory.support.DefaultListableBeanFactory:741) - Pre-instantiating singletons in org.springframework.beans.factory.support.DefaultListableBeanFactory@22ff4249: defining beans [hibernateUserDao,org.springframework.context.annotation.internalConfigurationAnnotationProcessor,org.springframework.context.annotation.internalAutowiredAnnotationProcessor,org.springframework.context.annotation.internalRequiredAnnotationProcessor,org.springframework.context.annotation.internalCommonAnnotationProcessor,org.springframework.context.annotation.internalPersistenceAnnotationProcessor,org.springframework.context.event.internalEventListenerProcessor,org.springframework.context.event.internalEventListenerFactory,org.springframework.context.support.PropertySourcesPlaceholderConfigurer#0,dataSource,sessionFactory,hibernateTemplate,jdbcTemplate,transactionManager,txAdvice,org.springframework.aop.config.internalAutoProxyCreator,managerTx,org.springframework.context.annotation.ConfigurationClassPostProcessor.importAwareProcessor,org.springframework.context.annotation.ConfigurationClassPostProcessor.enhancedConfigurationProcessor]; root of factory hierarchy
[...]
2018-12-14 12:08:39,940 DEBUG (org.springframework.beans.factory.support.DefaultListableBeanFactory:1620) - Invoking afterPropertiesSet() on bean with name &apos;jdbcTemplate&apos;
2018-12-14 12:08:39,940 DEBUG (org.springframework.beans.factory.support.DefaultListableBeanFactory:250) - Returning cached instance of singleton bean &apos;managerTx&apos;
2018-12-14 12:08:39,940 DEBUG (org.springframework.beans.factory.support.DefaultListableBeanFactory:250) - Returning cached instance of singleton bean &apos;managerTx&apos;
2018-12-14 12:08:39,940 DEBUG (org.springframework.beans.factory.support.DefaultListableBeanFactory:250) - Returning cached instance of singleton bean &apos;managerTx&apos;
2018-12-14 12:08:39,940 DEBUG (org.springframework.beans.factory.support.DefaultListableBeanFactory:250) - Returning cached instance of singleton bean &apos;managerTx&apos;
2018-12-14 12:08:39,968 DEBUG (org.springframework.beans.factory.support.DefaultListableBeanFactory:484) - Finished creating instance of bean &apos;jdbcTemplate&apos;
2018-12-14 12:08:39,968 DEBUG (org.springframework.beans.factory.support.DefaultListableBeanFactory:484) - Finished creating instance of bean &apos;jdbcTemplate&apos;
2018-12-14 12:08:39,969 DEBUG (org.springframework.beans.factory.support.DefaultListableBeanFactory:221) - Creating shared instance of singleton bean &apos;transactionManager&apos;
2018-12-14 12:08:39,969 DEBUG (org.springframework.beans.factory.support.DefaultListableBeanFactory:221) - Creating shared instance of singleton bean &apos;transactionManager&apos;
2018-12-14 12:08:39,969 DEBUG (org.springframework.beans.factory.support.DefaultListableBeanFactory:448) - Creating instance of bean &apos;transactionManager&apos;
2018-12-14 12:08:39,969 DEBUG (org.springframework.beans.factory.support.DefaultListableBeanFactory:448) - Creating instance of bean &apos;transactionManager&apos;
2018-12-14 12:08:39,969 DEBUG (org.springframework.beans.factory.support.DefaultListableBeanFactory:250) - Returning cached instance of singleton bean &apos;managerTx&apos;
2018-12-14 12:08:39,969 DEBUG (org.springframework.beans.factory.support.DefaultListableBeanFactory:250) - Returning cached instance of singleton bean &apos;managerTx&apos;
2018-12-14 12:08:39,975 DEBUG (org.springframework.beans.factory.support.DefaultListableBeanFactory:529) - Eagerly caching bean &apos;transactionManager&apos; to allow for resolving potential circular references
2018-12-14 12:08:39,975 DEBUG (org.springframework.beans.factory.support.DefaultListableBeanFactory:529) - Eagerly caching bean &apos;transactionManager&apos; to allow for resolving potential circular references
2018-12-14 12:08:39,977 DEBUG (org.springframework.beans.factory.support.DefaultListableBeanFactory:250) - Returning cached instance of singleton bean &apos;sessionFactory&apos;
2018-12-14 12:08:39,977 DEBUG (org.springframework.beans.factory.support.DefaultListableBeanFactory:250) - Returning cached instance of singleton bean &apos;sessionFactory&apos;
2018-12-14 12:08:39,978 DEBUG (org.springframework.beans.factory.support.DefaultListableBeanFactory:1620) - Invoking afterPropertiesSet() on bean with name &apos;transactionManager&apos;
2018-12-14 12:08:39,978 DEBUG (org.springframework.beans.factory.support.DefaultListableBeanFactory:1620) - Invoking afterPropertiesSet() on bean with name &apos;transactionManager&apos;
2018-12-14 12:08:39,982  INFO (org.springframework.orm.hibernate4.HibernateTransactionManager:360) - Using DataSource [org.apache.commons.dbcp.BasicDataSource@2f9a01c1] of Hibernate SessionFactory for HibernateTransactionManager
2018-12-14 12:08:39,982  INFO (org.springframework.orm.hibernate4.HibernateTransactionManager:360) - Using DataSource [org.apache.commons.dbcp.BasicDataSource@2f9a01c1] of Hibernate SessionFactory for HibernateTransactionManager
2018-12-14 12:08:39,982 DEBUG (org.springframework.beans.factory.support.DefaultListableBeanFactory:250) - Returning cached instance of singleton bean &apos;managerTx&apos;
2018-12-14 12:08:39,982 DEBUG (org.springframework.beans.factory.support.DefaultListableBeanFactory:250) - Returning cached instance of singleton bean &apos;managerTx&apos;
2018-12-14 12:08:39,982 DEBUG (org.springframework.beans.factory.support.DefaultListableBeanFactory:250) - Returning cached instance of singleton bean &apos;managerTx&apos;
2018-12-14 12:08:39,982 DEBUG (org.springframework.beans.factory.support.DefaultListableBeanFactory:250) - Returning cached instance of singleton bean &apos;managerTx&apos;
2018-12-14 12:08:39,985 DEBUG (org.springframework.beans.factory.support.DefaultListableBeanFactory:484) - Finished creating instance of bean &apos;transactionManager&apos;
2018-12-14 12:08:39,985 DEBUG (org.springframework.beans.factory.support.DefaultListableBeanFactory:484) - Finished creating instance of bean &apos;transactionManager&apos;
2018-12-14 12:08:39,986 DEBUG (org.springframework.beans.factory.support.DefaultListableBeanFactory:221) - Creating shared instance of singleton bean &apos;txAdvice&apos;
2018-12-14 12:08:39,986 DEBUG (org.springframework.beans.factory.support.DefaultListableBeanFactory:221) - Creating shared instance of singleton bean &apos;txAdvice&apos;
2018-12-14 12:08:39,986 DEBUG (org.springframework.beans.factory.support.DefaultListableBeanFactory:448) - Creating instance of bean &apos;txAdvice&apos;
2018-12-14 12:08:39,986 DEBUG (org.springframework.beans.factory.support.DefaultListableBeanFactory:448) - Creating instance of bean &apos;txAdvice&apos;
2018-12-14 12:08:39,987 DEBUG (org.springframework.beans.factory.support.DefaultListableBeanFactory:529) - Eagerly caching bean &apos;txAdvice&apos; to allow for resolving potential circular references
2018-12-14 12:08:39,987 DEBUG (org.springframework.beans.factory.support.DefaultListableBeanFactory:529) - Eagerly caching bean &apos;txAdvice&apos; to allow for resolving potential circular references
2018-12-14 12:08:39,989 DEBUG (org.springframework.beans.factory.support.DefaultListableBeanFactory:250) - Returning cached instance of singleton bean &apos;transactionManager&apos;
2018-12-14 12:08:39,989 DEBUG (org.springframework.beans.factory.support.DefaultListableBeanFactory:250) - Returning cached instance of singleton bean &apos;transactionManager&apos;
2018-12-14 12:08:39,989 DEBUG (org.springframework.beans.factory.support.DefaultListableBeanFactory:448) - Creating instance of bean &apos;(inner bean)#51a06cbe&apos;
2018-12-14 12:08:39,989 DEBUG (org.springframework.beans.factory.support.DefaultListableBeanFactory:448) - Creating instance of bean &apos;(inner bean)#51a06cbe&apos;
2018-12-14 12:08:39,990 DEBUG (org.springframework.beans.factory.support.DefaultListableBeanFactory:250) - Returning cached instance of singleton bean &apos;managerTx&apos;
2018-12-14 12:08:39,990 DEBUG (org.springframework.beans.factory.support.DefaultListableBeanFactory:250) - Returning cached instance of singleton bean &apos;managerTx&apos;
2018-12-14 12:08:39,992 DEBUG (org.springframework.transaction.interceptor.NameMatchTransactionAttributeSource:96) - Adding transactional method [*] with attribute [PROPAGATION_REQUIRED,ISOLATION_DEFAULT,readOnly]
2018-12-14 12:08:39,992 DEBUG (org.springframework.transaction.interceptor.NameMatchTransactionAttributeSource:96) - Adding transactional method [*] with attribute [PROPAGATION_REQUIRED,ISOLATION_DEFAULT,readOnly]
2018-12-14 12:08:39,992 DEBUG (org.springframework.transaction.interceptor.NameMatchTransactionAttributeSource:96) - Adding transactional method [create*] with attribute [PROPAGATION_REQUIRED,ISOLATION_DEFAULT]
2018-12-14 12:08:39,992 DEBUG (org.springframework.transaction.interceptor.NameMatchTransactionAttributeSource:96) - Adding transactional method [create*] with attribute [PROPAGATION_REQUIRED,ISOLATION_DEFAULT]
2018-12-14 12:08:39,993 DEBUG (org.springframework.transaction.interceptor.NameMatchTransactionAttributeSource:96) - Adding transactional method [save*] with attribute [PROPAGATION_REQUIRED,ISOLATION_DEFAULT]
2018-12-14 12:08:39,993 DEBUG (org.springframework.transaction.interceptor.NameMatchTransactionAttributeSource:96) - Adding transactional method [save*] with attribute [PROPAGATION_REQUIRED,ISOLATION_DEFAULT]
2018-12-14 12:08:39,993 DEBUG (org.springframework.transaction.interceptor.NameMatchTransactionAttributeSource:96) - Adding transactional method [reg*] with attribute [PROPAGATION_REQUIRED,ISOLATION_DEFAULT]
2018-12-14 12:08:39,993 DEBUG (org.springframework.transaction.interceptor.NameMatchTransactionAttributeSource:96) - Adding transactional method [reg*] with attribute [PROPAGATION_REQUIRED,ISOLATION_DEFAULT]
2018-12-14 12:08:39,993 DEBUG (org.springframework.transaction.interceptor.NameMatchTransactionAttributeSource:96) - Adding transactional method [update*] with attribute [PROPAGATION_REQUIRED,ISOLATION_DEFAULT]
2018-12-14 12:08:39,993 DEBUG (org.springframework.transaction.interceptor.NameMatchTransactionAttributeSource:96) - Adding transactional method [update*] with attribute [PROPAGATION_REQUIRED,ISOLATION_DEFAULT]
2018-12-14 12:08:39,993 DEBUG (org.springframework.transaction.interceptor.NameMatchTransactionAttributeSource:96) - Adding transactional method [delete*] with attribute [PROPAGATION_REQUIRED,ISOLATION_DEFAULT]
2018-12-14 12:08:39,993 DEBUG (org.springframework.transaction.interceptor.NameMatchTransactionAttributeSource:96) - Adding transactional method [delete*] with attribute [PROPAGATION_REQUIRED,ISOLATION_DEFAULT]
2018-12-14 12:08:39,993 DEBUG (org.springframework.beans.factory.support.DefaultListableBeanFactory:250) - Returning cached instance of singleton bean &apos;managerTx&apos;
2018-12-14 12:08:39,993 DEBUG (org.springframework.beans.factory.support.DefaultListableBeanFactory:250) - Returning cached instance of singleton bean &apos;managerTx&apos;
2018-12-14 12:08:39,994 DEBUG (org.springframework.beans.factory.support.DefaultListableBeanFactory:250) - Returning cached instance of singleton bean &apos;managerTx&apos;
2018-12-14 12:08:39,994 DEBUG (org.springframework.beans.factory.support.DefaultListableBeanFactory:250) - Returning cached instance of singleton bean &apos;managerTx&apos;
2018-12-14 12:08:39,995 DEBUG (org.springframework.beans.factory.support.DefaultListableBeanFactory:484) - Finished creating instance of bean &apos;(inner bean)#51a06cbe&apos;
2018-12-14 12:08:39,995 DEBUG (org.springframework.beans.factory.support.DefaultListableBeanFactory:484) - Finished creating instance of bean &apos;(inner bean)#51a06cbe&apos;
2018-12-14 12:08:39,996 DEBUG (org.springframework.beans.factory.support.DefaultListableBeanFactory:1620) - Invoking afterPropertiesSet() on bean with name &apos;txAdvice&apos;
2018-12-14 12:08:39,996 DEBUG (org.springframework.beans.factory.support.DefaultListableBeanFactory:1620) - Invoking afterPropertiesSet() on bean with name &apos;txAdvice&apos;
2018-12-14 12:08:39,996 DEBUG (org.springframework.beans.factory.support.DefaultListableBeanFactory:484) - Finished creating instance of bean &apos;txAdvice&apos;
2018-12-14 12:08:39,996 DEBUG (org.springframework.beans.factory.support.DefaultListableBeanFactory:484) - Finished creating instance of bean &apos;txAdvice&apos;
2018-12-14 12:08:39,996 DEBUG (org.springframework.beans.factory.support.DefaultListableBeanFactory:250) - Returning cached instance of singleton bean &apos;org.springframework.aop.config.internalAutoProxyCreator&apos;
2018-12-14 12:08:39,996 DEBUG (org.springframework.beans.factory.support.DefaultListableBeanFactory:250) - Returning cached instance of singleton bean &apos;org.springframework.aop.config.internalAutoProxyCreator&apos;
2018-12-14 12:08:39,996 DEBUG (org.springframework.beans.factory.support.DefaultListableBeanFactory:250) - Returning cached instance of singleton bean &apos;managerTx&apos;
2018-12-14 12:08:39,996 DEBUG (org.springframework.beans.factory.support.DefaultListableBeanFactory:250) - Returning cached instance of singleton bean &apos;managerTx&apos;
2018-12-14 12:08:39,996 DEBUG (org.springframework.beans.factory.support.DefaultListableBeanFactory:250) - Returning cached instance of singleton bean &apos;org.springframework.context.annotation.ConfigurationClassPostProcessor.importAwareProcessor&apos;
2018-12-14 12:08:39,996 DEBUG (org.springframework.beans.factory.support.DefaultListableBeanFactory:250) - Returning cached instance of singleton bean &apos;org.springframework.context.annotation.ConfigurationClassPostProcessor.importAwareProcessor&apos;
2018-12-14 12:08:39,996 DEBUG (org.springframework.beans.factory.support.DefaultListableBeanFactory:250) - Returning cached instance of singleton bean &apos;org.springframework.context.annotation.ConfigurationClassPostProcessor.enhancedConfigurationProcessor&apos;
2018-12-14 12:08:39,996 DEBUG (org.springframework.beans.factory.support.DefaultListableBeanFactory:250) - Returning cached instance of singleton bean &apos;org.springframework.context.annotation.ConfigurationClassPostProcessor.enhancedConfigurationProcessor&apos;
2018-12-14 12:08:39,996 DEBUG (org.springframework.beans.factory.support.DefaultListableBeanFactory:250) - Returning cached instance of singleton bean &apos;org.springframework.context.event.internalEventListenerFactory&apos;
2018-12-14 12:08:39,996 DEBUG (org.springframework.beans.factory.support.DefaultListableBeanFactory:250) - Returning cached instance of singleton bean &apos;org.springframework.context.event.internalEventListenerFactory&apos;
2018-12-14 12:08:40,011 DEBUG (org.springframework.context.support.ClassPathXmlApplicationContext:765) - Unable to locate LifecycleProcessor with name &apos;lifecycleProcessor&apos;: using default [org.springframework.context.support.DefaultLifecycleProcessor@3a80515c]
2018-12-14 12:08:40,011 DEBUG (org.springframework.context.support.ClassPathXmlApplicationContext:765) - Unable to locate LifecycleProcessor with name &apos;lifecycleProcessor&apos;: using default [org.springframework.context.support.DefaultLifecycleProcessor@3a80515c]
2018-12-14 12:08:40,012 DEBUG (org.springframework.beans.factory.support.DefaultListableBeanFactory:250) - Returning cached instance of singleton bean &apos;lifecycleProcessor&apos;
2018-12-14 12:08:40,012 DEBUG (org.springframework.beans.factory.support.DefaultListableBeanFactory:250) - Returning cached instance of singleton bean &apos;lifecycleProcessor&apos;
2018-12-14 12:08:40,014 DEBUG (org.springframework.core.env.PropertySourcesPropertyResolver:81) - Searching for key &apos;spring.liveBeansView.mbeanDomain&apos; in [systemProperties]
2018-12-14 12:08:40,014 DEBUG (org.springframework.core.env.PropertySourcesPropertyResolver:81) - Searching for key &apos;spring.liveBeansView.mbeanDomain&apos; in [systemProperties]
2018-12-14 12:08:40,014 DEBUG (org.springframework.core.env.PropertySourcesPropertyResolver:81) - Searching for key &apos;spring.liveBeansView.mbeanDomain&apos; in [systemEnvironment]
2018-12-14 12:08:40,014 DEBUG (org.springframework.core.env.PropertySourcesPropertyResolver:81) - Searching for key &apos;spring.liveBeansView.mbeanDomain&apos; in [systemEnvironment]
2018-12-14 12:08:40,014 DEBUG (org.springframework.core.env.PropertySourcesPropertyResolver:103) - Could not find key &apos;spring.liveBeansView.mbeanDomain&apos; in any property source. Returning [null]
2018-12-14 12:08:40,014 DEBUG (org.springframework.core.env.PropertySourcesPropertyResolver:103) - Could not find key &apos;spring.liveBeansView.mbeanDomain&apos; in any property source. Returning [null]
2018-12-14 12:08:40,016 DEBUG (org.springframework.beans.factory.support.DefaultListableBeanFactory:250) - Returning cached instance of singleton bean &apos;transactionManager&apos;
2018-12-14 12:08:40,016 DEBUG (org.springframework.beans.factory.support.DefaultListableBeanFactory:250) - Returning cached instance of singleton bean &apos;transactionManager&apos;
2018-12-14 12:08:40,016 DEBUG (org.unitils.database.transaction.impl.DefaultUnitilsTransactionManager:116) - Starting transaction
2018-12-14 12:08:40,016 DEBUG (org.unitils.database.transaction.impl.DefaultUnitilsTransactionManager:116) - Starting transaction
2018-12-14 12:08:40,016 DEBUG (org.springframework.beans.factory.support.DefaultListableBeanFactory:250) - Returning cached instance of singleton bean &apos;transactionManager&apos;
2018-12-14 12:08:40,016 DEBUG (org.springframework.beans.factory.support.DefaultListableBeanFactory:250) - Returning cached instance of singleton bean &apos;transactionManager&apos;
2018-12-14 12:08:40,021 DEBUG (org.springframework.orm.hibernate4.HibernateTransactionManager:367) - Creating new transaction with name [null]: PROPAGATION_REQUIRED,ISOLATION_DEFAULT
2018-12-14 12:08:40,021 DEBUG (org.springframework.orm.hibernate4.HibernateTransactionManager:367) - Creating new transaction with name [null]: PROPAGATION_REQUIRED,ISOLATION_DEFAULT
2018-12-14 12:08:40,061 DEBUG (org.springframework.orm.hibernate4.HibernateTransactionManager:438) - Opened new Session [SessionImpl(PersistenceContext[entityKeys=[],collectionKeys=[]];ActionQueue[insertions=[] updates=[] deletions=[] collectionCreations=[] collectionRemovals=[] collectionUpdates=[] unresolvedInsertDependencies=UnresolvedEntityInsertActions[]])] for Hibernate transaction
2018-12-14 12:08:40,061 DEBUG (org.springframework.orm.hibernate4.HibernateTransactionManager:438) - Opened new Session [SessionImpl(PersistenceContext[entityKeys=[],collectionKeys=[]];ActionQueue[insertions=[] updates=[] deletions=[] collectionCreations=[] collectionRemovals=[] collectionUpdates=[] unresolvedInsertDependencies=UnresolvedEntityInsertActions[]])] for Hibernate transaction
2018-12-14 12:08:40,063 DEBUG (org.springframework.orm.hibernate4.HibernateTransactionManager:448) - Preparing JDBC Connection of Hibernate Session [SessionImpl(PersistenceContext[entityKeys=[],collectionKeys=[]];ActionQueue[insertions=[] updates=[] deletions=[] collectionCreations=[] collectionRemovals=[] collectionUpdates=[] unresolvedInsertDependencies=UnresolvedEntityInsertActions[]])]
2018-12-14 12:08:40,063 DEBUG (org.springframework.orm.hibernate4.HibernateTransactionManager:448) - Preparing JDBC Connection of Hibernate Session [SessionImpl(PersistenceContext[entityKeys=[],collectionKeys=[]];ActionQueue[insertions=[] updates=[] deletions=[] collectionCreations=[] collectionRemovals=[] collectionUpdates=[] unresolvedInsertDependencies=UnresolvedEntityInsertActions[]])]
2018-12-14 12:08:40,063 DEBUG (org.hibernate.engine.jdbc.internal.LogicalConnectionImpl:212) - Obtaining JDBC connection
2018-12-14 12:08:40,063 DEBUG (org.hibernate.engine.jdbc.internal.LogicalConnectionImpl:218) - Obtained JDBC connection
2018-12-14 12:08:40,068 DEBUG (org.hibernate.engine.transaction.spi.AbstractTransactionImpl:158) - begin
2018-12-14 12:08:40,068 DEBUG (org.hibernate.engine.transaction.internal.jdbc.JdbcTransaction:69) - initial autocommit status: true
2018-12-14 12:08:40,068 DEBUG (org.hibernate.engine.transaction.internal.jdbc.JdbcTransaction:71) - disabling autocommit
2018-12-14 12:08:40,070 DEBUG (org.springframework.orm.hibernate4.HibernateTransactionManager:516) - Exposing Hibernate transaction as JDBC transaction [jdbc:mysql://localhost:3306/spring4_x_chapter20?useUnicode=true&amp;characterEncoding=UTF-8, UserName=root@localhost, MySQL Connector Java]
2018-12-14 12:08:40,070 DEBUG (org.springframework.orm.hibernate4.HibernateTransactionManager:516) - Exposing Hibernate transaction as JDBC transaction [jdbc:mysql://localhost:3306/spring4_x_chapter20?useUnicode=true&amp;characterEncoding=UTF-8, UserName=root@localhost, MySQL Connector Java]
</system-out>
  </testcase>
  <testcase classname="com.smart.dao.UserDaoTest" name="findUserByUserName" time="0.033">
    <skipped/>
  </testcase>
</testsuite>