<testng-results>
  <reporter-output>
  </reporter-output>
  <suite name="TestAll">
    <groups>
    </groups>
    <test name="selenium">
      <class name="sample.unitils.AssertReflectionEqualsTest">
        <test-method status="PASS" signature="testReflection()" name="testReflection" duration-ms="46" started-at="2018-12-12T14:35:10Z" finished-at="2018-12-12T14:35:10Z">
        </test-method>
      </class>
      <class name="sample.unitils.AssertLenientEqualsTest">
        <test-method status="PASS" signature="testLenientEquals()" name="testLenientEquals" duration-ms="66" started-at="2018-12-12T14:35:10Z" finished-at="2018-12-12T14:35:10Z">
        </test-method>
      </class>
    </test>
  </suite>
</testng-results>
