<?xml version="1.0" encoding="UTF-8"?>
<testng-results skipped="0" failed="0" total="1" passed="1">
  <reporter-output>
  </reporter-output>
  <suite name="Command line suite" duration-ms="508" started-at="2018-11-13T12:30:13Z" finished-at="2018-11-13T12:30:14Z">
    <groups>
    </groups>
    <test name="Command line test" duration-ms="508" started-at="2018-11-13T12:30:13Z" finished-at="2018-11-13T12:30:14Z">
      <class name="com.smart.aspectJ.fun.PointcunFunTest">
        <test-method status="PASS" signature="pointcut()[pri:0, instance:com.smart.aspectJ.fun.PointcunFunTest@22f71333]" name="pointcut" duration-ms="494" started-at="2018-11-13T20:30:13Z" finished-at="2018-11-13T20:30:14Z">
          <reporter-output>
          </reporter-output>
        </test-method> <!-- pointcut -->
      </class> <!-- com.smart.aspectJ.fun.PointcunFunTest -->
    </test> <!-- Command line test -->
  </suite> <!-- Command line suite -->
</testng-results>
