<?xml version="1.0" encoding="UTF-8"?>
<!-- Generated by org.testng.reporters.JUnitXMLReporter -->
<testsuite hostname="DESKTOP-HM7HN8P" name="Surefire test" tests="1" failures="1" timestamp="26 Nov 2018 12:29:24 GMT" time="0.585" errors="0">
  <testcase name="testHandle51" time="0.56" classname="com.smart.web.UserControllerTest">
    <failure type="org.springframework.web.client.HttpServerErrorException" message="500  : ParseError at [row,col]:[1,74] Message: 2 W UTF-8 W 2 àH">
      <![CDATA[org.springframework.web.client.HttpServerErrorException: 500  : ParseError at [row,col]:[1,74] Message: 2 W UTF-8 W 2 àH
	at org.springframework.web.client.DefaultResponseErrorHandler.handleError(DefaultResponseErrorHandler.java:94)
	at org.springframework.web.client.RestTemplate.handleResponse(RestTemplate.java:641)
	at org.springframework.web.client.RestTemplate.doExecute(RestTemplate.java:597)
	at org.springframework.web.client.RestTemplate.execute(RestTemplate.java:557)
	at org.springframework.web.client.RestTemplate.exchange(RestTemplate.java:475)
	at com.smart.web.UserControllerTest.testHandle51(UserControllerTest.java:75)
	at java.util.concurrent.ThreadPoolExecutor.runWorker(ThreadPoolExecutor.java:1142)
	at java.util.concurrent.ThreadPoolExecutor$Worker.run(ThreadPoolExecutor.java:617)
	at java.lang.Thread.run(Thread.java:745)
... Removed 10 stack frames]]>
    </failure>
  </testcase> <!-- testHandle51 -->
</testsuite> <!-- Surefire test -->
