<?xml version="1.0" encoding="UTF-8"?>
<!-- Generated by org.testng.reporters.JUnitXMLReporter -->
<testsuite hostname="DESKTOP-HM7HN8P" name="Surefire test" tests="2" failures="1" timestamp="26 Nov 2018 05:54:59 GMT" time="0.419" errors="0">
  <testcase name="testHandle42" time="0.302" classname="com.smart.web.UserControllerTest">
    <failure type="org.springframework.web.client.HttpServerErrorException" message="500 Unknown return value type [[B]">
      <![CDATA[org.springframework.web.client.HttpServerErrorException: 500 Unknown return value type [[B]
	at org.springframework.web.client.DefaultResponseErrorHandler.handleError(DefaultResponseErrorHandler.java:94)
	at org.springframework.web.client.RestTemplate.handleResponse(RestTemplate.java:641)
	at org.springframework.web.client.RestTemplate.doExecute(RestTemplate.java:597)
	at org.springframework.web.client.RestTemplate.execute(RestTemplate.java:557)
	at org.springframework.web.client.RestTemplate.postForObject(RestTemplate.java:357)
	at com.smart.web.UserControllerTest.testHandle42(UserControllerTest.java:27)
	at java.util.concurrent.ThreadPoolExecutor.runWorker(ThreadPoolExecutor.java:1142)
	at java.util.concurrent.ThreadPoolExecutor$Worker.run(ThreadPoolExecutor.java:617)
	at java.lang.Thread.run(Thread.java:745)
... Removed 10 stack frames]]>
    </failure>
  </testcase> <!-- testHandle42 -->
  <testcase name="testHandle41" time="0.405" classname="com.smart.web.UserControllerTest"/>
</testsuite> <!-- Surefire test -->
