<testng-results>
  <reporter-output>
  </reporter-output>
  <suite name="TestAll">
    <groups>
    </groups>
    <test name="selenium">
      <class name="com.smart.service.ForumServiceTest">
        <test-method status="PASS" signature="unitilsBeforeClass()" name="unitilsBeforeClass" is-config="true" duration-ms="208" started-at="2018-12-18T11:07:51Z" finished-at="2018-12-18T11:07:51Z">
        </test-method>
        <test-method status="PASS" signature="init()" name="init" is-config="true" duration-ms="1" started-at="2018-12-18T11:07:54Z" finished-at="2018-12-18T11:07:54Z">
        </test-method>
        <test-method status="PASS" signature="unitilsAfterTestTearDown(java.lang.reflect.Method)" name="unitilsAfterTestTearDown" is-config="true" duration-ms="8" started-at="2018-12-18T11:07:55Z" finished-at="2018-12-18T11:07:55Z">
          <params>
            <param index="0">
              <value>
                <![CDATA[public void com.smart.service.ForumServiceTest.addTopics() throws java.lang.Exception]]>
              </value>
            </param>
          </params>
        </test-method>
        <test-method status="PASS" signature="addTopics()" name="addTopics" duration-ms="757" started-at="2018-12-18T11:07:54Z" finished-at="2018-12-18T11:07:55Z">
        </test-method>
        <test-method status="PASS" signature="unitilsBeforeTestSetUp(java.lang.reflect.Method)" name="unitilsBeforeTestSetUp" is-config="true" duration-ms="2643" started-at="2018-12-18T11:07:51Z" finished-at="2018-12-18T11:07:54Z">
          <params>
            <param index="0">
              <value>
                <![CDATA[public void com.smart.service.ForumServiceTest.addTopics() throws java.lang.Exception]]>
              </value>
            </param>
          </params>
        </test-method>
      </class>
    </test>
  </suite>
</testng-results>
