-------------------------------------------------------------------------------
Test set: TestSuite
-------------------------------------------------------------------------------
Tests run: 3, Failures: 2, Errors: 0, Skipped: 0, Time elapsed: 4.411 sec <<< FAILURE!
removeBoard(com.smart.dao.BoardDaoTest)  Time elapsed: 0.018 sec  <<< FAILURE!
java.lang.IllegalArgumentException: attempt to create delete event with null entity
	at org.hibernate.event.spi.DeleteEvent.<init>(DeleteEvent.java:45)
	at org.hibernate.internal.SessionImpl.delete(SessionImpl.java:935)
	at org.springframework.orm.hibernate4.HibernateTemplate$24.doInHibernate(HibernateTemplate.java:794)
	at org.springframework.orm.hibernate4.HibernateTemplate.doExecute(HibernateTemplate.java:341)
	at org.springframework.orm.hibernate4.HibernateTemplate.executeWithNativeSession(HibernateTemplate.java:309)
	at org.springframework.orm.hibernate4.HibernateTemplate.delete(HibernateTemplate.java:787)
	at org.springframework.orm.hibernate4.HibernateTemplate.delete(HibernateTemplate.java:782)
	at com.smart.dao.BaseDao.remove(BaseDao.java:55)
	at com.smart.dao.BoardDaoTest.removeBoard(BoardDaoTest.java:50)

getBoard(com.smart.dao.BoardDaoTest)  Time elapsed: 0.01 sec  <<< FAILURE!
org.hibernate.ObjectNotFoundException: No row with the given identifier exists: [com.smart.domain.Board#1]
	at org.hibernate.internal.SessionFactoryImpl$1$1.handleEntityNotFound(SessionFactoryImpl.java:244)
	at org.hibernate.proxy.AbstractLazyInitializer.checkTargetState(AbstractLazyInitializer.java:261)
	at org.hibernate.proxy.AbstractLazyInitializer.initialize(AbstractLazyInitializer.java:175)
	at org.hibernate.proxy.AbstractLazyInitializer.getImplementation(AbstractLazyInitializer.java:285)
	at org.hibernate.proxy.pojo.javassist.JavassistLazyInitializer.invoke(JavassistLazyInitializer.java:185)
	at com.smart.domain.Board_$$_javassist_0.getBoardName(Board_$$_javassist_0.java)
	at com.smart.dao.BoardDaoTest.getBoard(BoardDaoTest.java:58)

