<?xml version="1.0" encoding="UTF-8"?>
<!-- Generated by org.testng.reporters.JUnitXMLReporter -->
<testsuite hostname="DESKTOP-HM7HN8P" name="Surefire test" tests="3" failures="0" timestamp="3 Oct 2018 12:11:23 GMT" time="1.323" errors="0">
  <testcase name="testHasMatchUser" time="0.034" classname="com.smart.service.UserServiceTest"/>
  <testcase name="testAddLoginLog" time="0.085" classname="com.smart.service.UserServiceTest"/>
  <testcase name="testFindUserByUserName" time="0.13" classname="com.smart.service.UserServiceTest"/>
</testsuite> <!-- Surefire test -->
