<?xml version="1.0" encoding="UTF-8"?>
<!-- Generated by org.testng.reporters.JUnitXMLReporter -->
<testsuite hostname="DESKTOP-HM7HN8P" name="Command line test" tests="9" failures="0" timestamp="11 Dec 2018 12:42:51 GMT" time="0.043" errors="0">
  <testcase name="@BeforeClass springTestContextPrepareTestInstance" time="0.0" classname="sample.testng.TestNGDependsTest1">
    <failure type="java.lang.IllegalStateException" message="Failed to load ApplicationContext">
      <![CDATA[java.lang.IllegalStateException: Failed to load ApplicationContext
	at org.springframework.test.context.TestContext.getApplicationContext(TestContext.java:157)
	at org.springframework.test.context.support.DependencyInjectionTestExecutionListener.injectDependencies(DependencyInjectionTestExecutionListener.java:109)
	at org.springframework.test.context.support.DependencyInjectionTestExecutionListener.prepareTestInstance(DependencyInjectionTestExecutionListener.java:75)
	at org.springframework.test.context.TestContextManager.prepareTestInstance(TestContextManager.java:313)
	at org.springframework.test.context.testng.AbstractTestNGSpringContextTests.springTestContextPrepareTestInstance(AbstractTestNGSpringContextTests.java:130)
Caused by: java.lang.IllegalArgumentException: Cannot load an ApplicationContext with a NULL 'contextLoader'. Consider annotating your test class with @ContextConfiguration.
	at org.springframework.util.Assert.notNull(Assert.java:115)
	at org.springframework.test.context.TestContext.loadApplicationContext(TestContext.java:117)
	at org.springframework.test.context.TestContext.getApplicationContext(TestContext.java:148)
	... 38 more
... Removed 34 stack frames]]>
    </failure>
  </testcase> <!-- @BeforeClass springTestContextPrepareTestInstance -->
  <testcase name="@BeforeMethod springTestContextBeforeTestMethod" time="0.0" classname="sample.testng.TestNGDependsTest1">
    <skipped/>
  </testcase> <!-- @BeforeMethod springTestContextBeforeTestMethod -->
  <testcase name="@BeforeMethod springTestContextBeforeTestMethod" time="0.0" classname="sample.testng.TestNGDependsTest1">
    <skipped/>
  </testcase> <!-- @BeforeMethod springTestContextBeforeTestMethod -->
  <testcase name="testMethod1" time="0.001" classname="sample.testng.TestNGDependsTest1">
    <skipped/>
  </testcase> <!-- testMethod1 -->
  <testcase name="testMethod2" time="0.0" classname="sample.testng.TestNGDependsTest1">
    <skipped/>
  </testcase> <!-- testMethod2 -->
  <testcase name="testMethod1" time="0.0" classname="sample.testng.TestNGGroupsTest1"/>
  <testcase name="testMethod2" time="0.0" classname="sample.testng.TestNGGroupsTest1"/>
  <testcase name="testMethod3" time="0.0" classname="sample.testng.TestNGGroupsTest1"/>
  <testcase name="testMethod3" time="0.0" classname="sample.testng.TestNGGroupsTest2"/>
  <testcase name="testMethod4" time="0.0" classname="sample.testng.TestNGGroupsTest2"/>
  <testcase name="testMethod5" time="0.0" classname="sample.testng.TestNGGroupsTest2"/>
  <testcase name="testMethod3" time="0.001" classname="sample.testng.TestNGDependsTest1">
    <skipped/>
  </testcase> <!-- testMethod3 -->
</testsuite> <!-- Command line test -->
