<?xml version="1.0" encoding="UTF-8"?>
<testng-results skipped="0" failed="1" total="2" passed="1">
  <reporter-output>
  </reporter-output>
  <suite name="Surefire suite" duration-ms="419" started-at="2018-11-26T05:54:59Z" finished-at="2018-11-26T05:54:59Z">
    <groups>
    </groups>
    <test name="Surefire test" duration-ms="419" started-at="2018-11-26T05:54:59Z" finished-at="2018-11-26T05:54:59Z">
      <class name="com.smart.web.UserControllerTest">
        <test-method status="PASS" signature="testHandle41()[pri:0, instance:com.smart.web.UserControllerTest@7d417077]" name="testHandle41" duration-ms="405" started-at="2018-11-26T13:54:59Z" finished-at="2018-11-26T13:54:59Z">
          <reporter-output>
          </reporter-output>
        </test-method> <!-- testHandle41 -->
        <test-method status="FAIL" signature="testHandle42()[pri:0, instance:com.smart.web.UserControllerTest@7d417077]" name="testHandle42" duration-ms="302" started-at="2018-11-26T13:54:59Z" finished-at="2018-11-26T13:54:59Z">
          <exception class="org.springframework.web.client.HttpServerErrorException">
            <message>
              <![CDATA[500 Unknown return value type [[B]]]>
            </message>
            <full-stacktrace>
              <![CDATA[org.springframework.web.client.HttpServerErrorException: 500 Unknown return value type [[B]
	at org.springframework.web.client.DefaultResponseErrorHandler.handleError(DefaultResponseErrorHandler.java:94)
	at org.springframework.web.client.RestTemplate.handleResponse(RestTemplate.java:641)
	at org.springframework.web.client.RestTemplate.doExecute(RestTemplate.java:597)
	at org.springframework.web.client.RestTemplate.execute(RestTemplate.java:557)
	at org.springframework.web.client.RestTemplate.postForObject(RestTemplate.java:357)
	at com.smart.web.UserControllerTest.testHandle42(UserControllerTest.java:27)
	at sun.reflect.NativeMethodAccessorImpl.invoke0(Native Method)
	at sun.reflect.NativeMethodAccessorImpl.invoke(NativeMethodAccessorImpl.java:62)
	at sun.reflect.DelegatingMethodAccessorImpl.invoke(DelegatingMethodAccessorImpl.java:43)
	at java.lang.reflect.Method.invoke(Method.java:498)
	at org.testng.internal.MethodInvocationHelper.invokeMethod(MethodInvocationHelper.java:84)
	at org.testng.internal.Invoker.invokeMethod(Invoker.java:714)
	at org.testng.internal.Invoker.invokeTestMethod(Invoker.java:901)
	at org.testng.internal.Invoker.invokeTestMethods(Invoker.java:1231)
	at org.testng.internal.TestMethodWorker.invokeTestMethods(TestMethodWorker.java:127)
	at org.testng.internal.TestMethodWorker.run(TestMethodWorker.java:111)
	at java.util.concurrent.ThreadPoolExecutor.runWorker(ThreadPoolExecutor.java:1142)
	at java.util.concurrent.ThreadPoolExecutor$Worker.run(ThreadPoolExecutor.java:617)
	at java.lang.Thread.run(Thread.java:745)
]]>
            </full-stacktrace>
          </exception> <!-- org.springframework.web.client.HttpServerErrorException -->
          <reporter-output>
          </reporter-output>
        </test-method> <!-- testHandle42 -->
      </class> <!-- com.smart.web.UserControllerTest -->
    </test> <!-- Surefire test -->
  </suite> <!-- Surefire suite -->
</testng-results>
