<?xml version="1.0" encoding="UTF-8"?>
<testng-results skipped="0" failed="0" total="1" passed="1">
  <reporter-output>
  </reporter-output>
  <suite name="com.smart.aop.AopAwareTest" duration-ms="581" started-at="2018-11-12T12:06:48Z" finished-at="2018-11-12T12:06:49Z">
    <groups>
    </groups>
    <test name="Command line test" duration-ms="581" started-at="2018-11-12T12:06:48Z" finished-at="2018-11-12T12:06:49Z">
      <class name="com.smart.aop.AopAwareTest">
        <test-method status="PASS" signature="autoProxy()[pri:0, instance:com.smart.aop.AopAwareTest@6108b2d7]" name="autoProxy" duration-ms="568" started-at="2018-11-12T20:06:48Z" finished-at="2018-11-12T20:06:49Z">
          <reporter-output>
          </reporter-output>
        </test-method> <!-- autoProxy -->
      </class> <!-- com.smart.aop.AopAwareTest -->
    </test> <!-- Command line test -->
  </suite> <!-- com.smart.aop.AopAwareTest -->
</testng-results>
